{"C:\\Users\\arunk\\Desktop\\AgencyOS\\services\\auth\\src\\app.controller.ts": {"path":"C:\\Users\\arunk\\Desktop\\AgencyOS\\services\\auth\\src\\app.controller.ts","statementMap":{"0":{"start":{"line":1,"column":0},"end":{"line":1,"column":49}},"1":{"start":{"line":2,"column":0},"end":{"line":2,"column":43}},"2":{"start":{"line":5,"column":7},"end":{"line":24,"column":null}},"3":{"start":{"line":6,"column":31},"end":{"line":6,"column":43}},"4":{"start":{"line":10,"column":4},"end":{"line":10,"column":38}},"5":{"start":{"line":15,"column":4},"end":{"line":22,"column":6}},"6":{"start":{"line":5,"column":13},"end":{"line":5,"column":26}},"7":{"start":{"line":9,"column":2},"end":{"line":11,"column":null}},"8":{"start":{"line":14,"column":2},"end":{"line":23,"column":null}},"9":{"start":{"line":5,"column":13},"end":{"line":24,"column":null}}},"fnMap":{"0":{"name":"(anonymous_2)","decl":{"start":{"line":6,"column":2},"end":{"line":6,"column":31}},"loc":{"start":{"line":6,"column":53},"end":{"line":6,"column":57}}},"1":{"name":"(anonymous_3)","decl":{"start":{"line":9,"column":2},"end":{"line":9,"column":10}},"loc":{"start":{"line":9,"column":10},"end":{"line":11,"column":3}}},"2":{"name":"(anonymous_4)","decl":{"start":{"line":14,"column":2},"end":{"line":14,"column":11}},"loc":{"start":{"line":14,"column":11},"end":{"line":23,"column":3}}}},"branchMap":{"0":{"loc":{"start":{"line":6,"column":43},"end":{"line":6,"column":56}},"type":"cond-expr","locations":[{"start":{"line":6,"column":53},"end":{"line":6,"column":56}},{"start":{"line":6,"column":53},"end":{"line":6,"column":56}}]},"1":{"loc":{"start":{"line":6,"column":43},"end":{"line":6,"column":53}},"type":"binary-expr","locations":[{"start":{"line":6,"column":43},"end":{"line":6,"column":56}},{"start":{"line":6,"column":43},"end":{"line":6,"column":53}}]}},"s":{"0":0,"1":0,"2":0,"3":0,"4":0,"5":0,"6":0,"7":0,"8":0,"9":0},"f":{"0":0,"1":0,"2":0},"b":{"0":[0,0],"1":[0,0]}}
,"C:\\Users\\arunk\\Desktop\\AgencyOS\\services\\auth\\src\\app.module.ts": {"path":"C:\\Users\\arunk\\Desktop\\AgencyOS\\services\\auth\\src\\app.module.ts","statementMap":{"0":{"start":{"line":1,"column":0},"end":{"line":1,"column":40}},"1":{"start":{"line":2,"column":0},"end":{"line":2,"column":49}},"2":{"start":{"line":3,"column":0},"end":{"line":3,"column":43}},"3":{"start":{"line":4,"column":0},"end":{"line":4,"column":68}},"4":{"start":{"line":5,"column":0},"end":{"line":5,"column":56}},"5":{"start":{"line":6,"column":0},"end":{"line":6,"column":80}},"6":{"start":{"line":7,"column":0},"end":{"line":7,"column":50}},"7":{"start":{"line":8,"column":0},"end":{"line":8,"column":50}},"8":{"start":{"line":9,"column":0},"end":{"line":9,"column":71}},"9":{"start":{"line":10,"column":0},"end":{"line":10,"column":74}},"10":{"start":{"line":11,"column":0},"end":{"line":11,"column":71}},"11":{"start":{"line":12,"column":0},"end":{"line":12,"column":59}},"12":{"start":{"line":13,"column":0},"end":{"line":13,"column":59}},"13":{"start":{"line":14,"column":0},"end":{"line":14,"column":50}},"14":{"start":{"line":15,"column":0},"end":{"line":15,"column":68}},"15":{"start":{"line":16,"column":0},"end":{"line":16,"column":70}},"16":{"start":{"line":17,"column":0},"end":{"line":17,"column":87}},"17":{"start":{"line":18,"column":0},"end":{"line":18,"column":78}},"18":{"start":{"line":55,"column":7},"end":{"line":55,"column":null}},"19":{"start":{"line":55,"column":13},"end":{"line":55,"column":22}},"20":{"start":{"line":55,"column":13},"end":{"line":55,"column":null}}},"fnMap":{},"branchMap":{},"s":{"0":0,"1":0,"2":0,"3":0,"4":0,"5":0,"6":0,"7":0,"8":0,"9":0,"10":0,"11":0,"12":0,"13":0,"14":0,"15":0,"16":0,"17":0,"18":0,"19":0,"20":0},"f":{},"b":{}}
,"C:\\Users\\arunk\\Desktop\\AgencyOS\\services\\auth\\src\\app.service.ts": {"path":"C:\\Users\\arunk\\Desktop\\AgencyOS\\services\\auth\\src\\app.service.ts","statementMap":{"0":{"start":{"line":1,"column":0},"end":{"line":1,"column":44}},"1":{"start":{"line":4,"column":7},"end":{"line":8,"column":null}},"2":{"start":{"line":6,"column":4},"end":{"line":6,"column":26}},"3":{"start":{"line":4,"column":13},"end":{"line":4,"column":23}},"4":{"start":{"line":4,"column":13},"end":{"line":8,"column":null}}},"fnMap":{"0":{"name":"(anonymous_1)","decl":{"start":{"line":5,"column":2},"end":{"line":5,"column":10}},"loc":{"start":{"line":5,"column":10},"end":{"line":7,"column":3}}}},"branchMap":{},"s":{"0":0,"1":0,"2":0,"3":0,"4":0},"f":{"0":0},"b":{}}
,"C:\\Users\\arunk\\Desktop\\AgencyOS\\services\\auth\\src\\main.ts": {"path":"C:\\Users\\arunk\\Desktop\\AgencyOS\\services\\auth\\src\\main.ts","statementMap":{"0":{"start":{"line":1,"column":0},"end":{"line":1,"column":43}},"1":{"start":{"line":2,"column":0},"end":{"line":2,"column":41}},"2":{"start":{"line":5,"column":14},"end":{"line":5,"column":49}},"3":{"start":{"line":6,"column":2},"end":{"line":6,"column":29}},"4":{"start":{"line":7,"column":2},"end":{"line":7,"column":45}},"5":{"start":{"line":9,"column":0},"end":{"line":9,"column":12}}},"fnMap":{"0":{"name":"bootstrap","decl":{"start":{"line":4,"column":15},"end":{"line":4,"column":24}},"loc":{"start":{"line":4,"column":24},"end":{"line":8,"column":1}}}},"branchMap":{"0":{"loc":{"start":{"line":7,"column":19},"end":{"line":7,"column":43}},"type":"binary-expr","locations":[{"start":{"line":7,"column":19},"end":{"line":7,"column":35}},{"start":{"line":7,"column":39},"end":{"line":7,"column":43}}]}},"s":{"0":0,"1":0,"2":0,"3":0,"4":0,"5":0},"f":{"0":0},"b":{"0":[0,0]}}
,"C:\\Users\\arunk\\Desktop\\AgencyOS\\services\\auth\\src\\common\\decorators\\current-user.decorator.ts": {"path":"C:\\Users\\arunk\\Desktop\\AgencyOS\\services\\auth\\src\\common\\decorators\\current-user.decorator.ts","statementMap":{"0":{"start":{"line":1,"column":0},"end":{"line":1,"column":72}},"1":{"start":{"line":4,"column":13},"end":{"line":11,"column":2}},"2":{"start":{"line":6,"column":20},"end":{"line":6,"column":51}},"3":{"start":{"line":7,"column":17},"end":{"line":7,"column":43}},"4":{"start":{"line":9,"column":4},"end":{"line":9,"column":38}}},"fnMap":{"0":{"name":"(anonymous_0)","decl":{"start":{"line":5,"column":2},"end":{"line":5,"column":3}},"loc":{"start":{"line":5,"column":64},"end":{"line":10,"column":3}}}},"branchMap":{"0":{"loc":{"start":{"line":9,"column":11},"end":{"line":9,"column":37}},"type":"cond-expr","locations":[{"start":{"line":9,"column":18},"end":{"line":9,"column":30}},{"start":{"line":9,"column":33},"end":{"line":9,"column":37}}]}},"s":{"0":0,"1":0,"2":0,"3":0,"4":0},"f":{"0":0},"b":{"0":[0,0]}}
,"C:\\Users\\arunk\\Desktop\\AgencyOS\\services\\auth\\src\\common\\decorators\\require-permission.decorator.ts": {"path":"C:\\Users\\arunk\\Desktop\\AgencyOS\\services\\auth\\src\\common\\decorators\\require-permission.decorator.ts","statementMap":{"0":{"start":{"line":1,"column":0},"end":{"line":1,"column":45}},"1":{"start":{"line":3,"column":13},"end":{"line":3,"column":45}},"2":{"start":{"line":4,"column":33},"end":{"line":5,"column":43}},"3":{"start":{"line":5,"column":2},"end":{"line":5,"column":43}},"4":{"start":{"line":4,"column":13},"end":{"line":4,"column":33}}},"fnMap":{"0":{"name":"(anonymous_0)","decl":{"start":{"line":4,"column":33},"end":{"line":4,"column":34}},"loc":{"start":{"line":5,"column":2},"end":{"line":5,"column":43}}}},"branchMap":{},"s":{"0":0,"1":0,"2":0,"3":0,"4":0},"f":{"0":0},"b":{}}
,"C:\\Users\\arunk\\Desktop\\AgencyOS\\services\\auth\\src\\common\\guards\\jwt-auth.guard.ts": {"path":"C:\\Users\\arunk\\Desktop\\AgencyOS\\services\\auth\\src\\common\\guards\\jwt-auth.guard.ts","statementMap":{"0":{"start":{"line":1,"column":0},"end":{"line":1,"column":null}},"1":{"start":{"line":7,"column":0},"end":{"line":7,"column":36}},"2":{"start":{"line":11,"column":7},"end":{"line":35,"column":null}},"3":{"start":{"line":13,"column":20},"end":{"line":13,"column":55}},"4":{"start":{"line":14,"column":23},"end":{"line":14,"column":55}},"5":{"start":{"line":16,"column":4},"end":{"line":18,"column":5}},"6":{"start":{"line":17,"column":6},"end":{"line":17,"column":73}},"7":{"start":{"line":20,"column":26},"end":{"line":20,"column":47}},"8":{"start":{"line":22,"column":4},"end":{"line":24,"column":5}},"9":{"start":{"line":23,"column":6},"end":{"line":23,"column":62}},"10":{"start":{"line":26,"column":4},"end":{"line":33,"column":5}},"11":{"start":{"line":27,"column":21},"end":{"line":27,"column":75}},"12":{"start":{"line":28,"column":22},"end":{"line":28,"column":61}},"13":{"start":{"line":29,"column":6},"end":{"line":29,"column":29}},"14":{"start":{"line":30,"column":6},"end":{"line":30,"column":18}},"15":{"start":{"line":32,"column":6},"end":{"line":32,"column":66}},"16":{"start":{"line":11,"column":13},"end":{"line":11,"column":25}},"17":{"start":{"line":11,"column":13},"end":{"line":35,"column":null}}},"fnMap":{"0":{"name":"(anonymous_10)","decl":{"start":{"line":12,"column":2},"end":{"line":12,"column":13}},"loc":{"start":{"line":12,"column":39},"end":{"line":34,"column":3}}}},"branchMap":{"0":{"loc":{"start":{"line":16,"column":4},"end":{"line":18,"column":5}},"type":"if","locations":[{"start":{"line":16,"column":4},"end":{"line":18,"column":5}},{"start":{},"end":{}}]},"1":{"loc":{"start":{"line":22,"column":4},"end":{"line":24,"column":5}},"type":"if","locations":[{"start":{"line":22,"column":4},"end":{"line":24,"column":5}},{"start":{},"end":{}}]},"2":{"loc":{"start":{"line":22,"column":8},"end":{"line":22,"column":35}},"type":"binary-expr","locations":[{"start":{"line":22,"column":8},"end":{"line":22,"column":25}},{"start":{"line":22,"column":29},"end":{"line":22,"column":35}}]},"3":{"loc":{"start":{"line":27,"column":21},"end":{"line":27,"column":75}},"type":"binary-expr","locations":[{"start":{"line":27,"column":21},"end":{"line":27,"column":50}},{"start":{"line":27,"column":54},"end":{"line":27,"column":75}}]}},"s":{"0":0,"1":0,"2":0,"3":0,"4":0,"5":0,"6":0,"7":0,"8":0,"9":0,"10":0,"11":0,"12":0,"13":0,"14":0,"15":0,"16":0,"17":0},"f":{"0":0},"b":{"0":[0,0],"1":[0,0],"2":[0,0],"3":[0,0]}}
,"C:\\Users\\arunk\\Desktop\\AgencyOS\\services\\auth\\src\\common\\guards\\permissions.guard.ts": {"path":"C:\\Users\\arunk\\Desktop\\AgencyOS\\services\\auth\\src\\common\\guards\\permissions.guard.ts","statementMap":{"0":{"start":{"line":1,"column":0},"end":{"line":1,"column":null}},"1":{"start":{"line":7,"column":0},"end":{"line":7,"column":41}},"2":{"start":{"line":8,"column":0},"end":{"line":8,"column":77}},"3":{"start":{"line":11,"column":7},"end":{"line":46,"column":null}},"4":{"start":{"line":12,"column":22},"end":{"line":12,"column":33}},"5":{"start":{"line":15,"column":32},"end":{"line":17,"column":null}},"6":{"start":{"line":20,"column":4},"end":{"line":22,"column":5}},"7":{"start":{"line":21,"column":6},"end":{"line":21,"column":18}},"8":{"start":{"line":24,"column":20},"end":{"line":24,"column":55}},"9":{"start":{"line":25,"column":17},"end":{"line":25,"column":29}},"10":{"start":{"line":27,"column":4},"end":{"line":29,"column":5}},"11":{"start":{"line":28,"column":6},"end":{"line":28,"column":61}},"12":{"start":{"line":32,"column":4},"end":{"line":34,"column":5}},"13":{"start":{"line":33,"column":6},"end":{"line":33,"column":18}},"14":{"start":{"line":36,"column":30},"end":{"line":37,"column":null}},"15":{"start":{"line":37,"column":6},"end":{"line":37,"column":44}},"16":{"start":{"line":40,"column":4},"end":{"line":42,"column":5}},"17":{"start":{"line":41,"column":6},"end":{"line":41,"column":63}},"18":{"start":{"line":44,"column":4},"end":{"line":44,"column":16}},"19":{"start":{"line":11,"column":13},"end":{"line":11,"column":29}},"20":{"start":{"line":11,"column":13},"end":{"line":46,"column":null}}},"fnMap":{"0":{"name":"(anonymous_2)","decl":{"start":{"line":12,"column":2},"end":{"line":12,"column":22}},"loc":{"start":{"line":12,"column":42},"end":{"line":12,"column":46}}},"1":{"name":"(anonymous_3)","decl":{"start":{"line":14,"column":2},"end":{"line":14,"column":13}},"loc":{"start":{"line":14,"column":39},"end":{"line":45,"column":3}}},"2":{"name":"(anonymous_4)","decl":{"start":{"line":36,"column":56},"end":{"line":36,"column":57}},"loc":{"start":{"line":37,"column":6},"end":{"line":37,"column":44}}}},"branchMap":{"0":{"loc":{"start":{"line":20,"column":4},"end":{"line":22,"column":5}},"type":"if","locations":[{"start":{"line":20,"column":4},"end":{"line":22,"column":5}},{"start":{},"end":{}}]},"1":{"loc":{"start":{"line":20,"column":8},"end":{"line":20,"column":64}},"type":"binary-expr","locations":[{"start":{"line":20,"column":8},"end":{"line":20,"column":28}},{"start":{"line":20,"column":32},"end":{"line":20,"column":64}}]},"2":{"loc":{"start":{"line":27,"column":4},"end":{"line":29,"column":5}},"type":"if","locations":[{"start":{"line":27,"column":4},"end":{"line":29,"column":5}},{"start":{},"end":{}}]},"3":{"loc":{"start":{"line":32,"column":4},"end":{"line":34,"column":5}},"type":"if","locations":[{"start":{"line":32,"column":4},"end":{"line":34,"column":5}},{"start":{},"end":{}}]},"4":{"loc":{"start":{"line":32,"column":8},"end":{"line":32,"column":50}},"type":"binary-expr","locations":[{"start":{"line":32,"column":8},"end":{"line":32,"column":18}},{"start":{"line":32,"column":22},"end":{"line":32,"column":50}}]},"5":{"loc":{"start":{"line":40,"column":4},"end":{"line":42,"column":5}},"type":"if","locations":[{"start":{"line":40,"column":4},"end":{"line":42,"column":5}},{"start":{},"end":{}}]},"6":{"loc":{"start":{"line":12,"column":33},"end":{"line":12,"column":45}},"type":"cond-expr","locations":[{"start":{"line":12,"column":42},"end":{"line":12,"column":45}},{"start":{"line":12,"column":42},"end":{"line":12,"column":45}}]},"7":{"loc":{"start":{"line":12,"column":33},"end":{"line":12,"column":42}},"type":"binary-expr","locations":[{"start":{"line":12,"column":33},"end":{"line":12,"column":45}},{"start":{"line":12,"column":33},"end":{"line":12,"column":42}}]}},"s":{"0":0,"1":0,"2":0,"3":0,"4":0,"5":0,"6":0,"7":0,"8":0,"9":0,"10":0,"11":0,"12":0,"13":0,"14":0,"15":0,"16":0,"17":0,"18":0,"19":0,"20":0},"f":{"0":0,"1":0,"2":0},"b":{"0":[0,0],"1":[0,0],"2":[0,0],"3":[0,0],"4":[0,0],"5":[0,0],"6":[0,0],"7":[0,0]}}
,"C:\\Users\\arunk\\Desktop\\AgencyOS\\services\\auth\\src\\gateway\\filters\\http-exception.filter.ts": {"path":"C:\\Users\\arunk\\Desktop\\AgencyOS\\services\\auth\\src\\gateway\\filters\\http-exception.filter.ts","statementMap":{"0":{"start":{"line":1,"column":0},"end":{"line":1,"column":98}},"1":{"start":{"line":4,"column":7},"end":{"line":32,"column":null}},"2":{"start":{"line":6,"column":16},"end":{"line":6,"column":35}},"3":{"start":{"line":7,"column":21},"end":{"line":7,"column":38}},"4":{"start":{"line":8,"column":20},"end":{"line":8,"column":36}},"5":{"start":{"line":10,"column":17},"end":{"line":10,"column":49}},"6":{"start":{"line":11,"column":18},"end":{"line":11,"column":41}},"7":{"start":{"line":13,"column":4},"end":{"line":22,"column":5}},"8":{"start":{"line":14,"column":6},"end":{"line":14,"column":37}},"9":{"start":{"line":15,"column":18},"end":{"line":15,"column":48}},"10":{"start":{"line":16,"column":6},"end":{"line":16,"column":86}},"11":{"start":{"line":17,"column":11},"end":{"line":22,"column":5}},"12":{"start":{"line":19,"column":6},"end":{"line":21,"column":28}},"13":{"start":{"line":24,"column":4},"end":{"line":30,"column":7}},"14":{"start":{"line":4,"column":13},"end":{"line":4,"column":32}},"15":{"start":{"line":4,"column":13},"end":{"line":32,"column":null}}},"fnMap":{"0":{"name":"(anonymous_1)","decl":{"start":{"line":5,"column":2},"end":{"line":5,"column":7}},"loc":{"start":{"line":5,"column":47},"end":{"line":31,"column":3}}}},"branchMap":{"0":{"loc":{"start":{"line":13,"column":4},"end":{"line":22,"column":5}},"type":"if","locations":[{"start":{"line":13,"column":4},"end":{"line":22,"column":5}},{"start":{"line":17,"column":11},"end":{"line":22,"column":5}}]},"1":{"loc":{"start":{"line":16,"column":16},"end":{"line":16,"column":85}},"type":"cond-expr","locations":[{"start":{"line":16,"column":42},"end":{"line":16,"column":45}},{"start":{"line":16,"column":49},"end":{"line":16,"column":84}}]},"2":{"loc":{"start":{"line":16,"column":49},"end":{"line":16,"column":84}},"type":"binary-expr","locations":[{"start":{"line":16,"column":49},"end":{"line":16,"column":60}},{"start":{"line":16,"column":64},"end":{"line":16,"column":73}},{"start":{"line":16,"column":77},"end":{"line":16,"column":84}}]},"3":{"loc":{"start":{"line":17,"column":11},"end":{"line":22,"column":5}},"type":"if","locations":[{"start":{"line":17,"column":11},"end":{"line":22,"column":5}},{"start":{},"end":{}}]},"4":{"loc":{"start":{"line":19,"column":16},"end":{"line":21,"column":27}},"type":"cond-expr","locations":[{"start":{"line":20,"column":10},"end":{"line":20,"column":33}},{"start":{"line":21,"column":10},"end":{"line":21,"column":27}}]}},"s":{"0":0,"1":0,"2":0,"3":0,"4":0,"5":0,"6":0,"7":0,"8":0,"9":0,"10":0,"11":0,"12":0,"13":0,"14":0,"15":0},"f":{"0":0},"b":{"0":[0,0],"1":[0,0],"2":[0,0,0],"3":[0,0],"4":[0,0]}}
,"C:\\Users\\arunk\\Desktop\\AgencyOS\\services\\auth\\src\\gateway\\guards\\client-scope.guard.ts": {"path":"C:\\Users\\arunk\\Desktop\\AgencyOS\\services\\auth\\src\\gateway\\guards\\client-scope.guard.ts","statementMap":{"0":{"start":{"line":1,"column":0},"end":{"line":1,"column":95}},"1":{"start":{"line":4,"column":7},"end":{"line":20,"column":null}},"2":{"start":{"line":6,"column":20},"end":{"line":6,"column":55}},"3":{"start":{"line":7,"column":17},"end":{"line":7,"column":29}},"4":{"start":{"line":10,"column":4},"end":{"line":12,"column":5}},"5":{"start":{"line":11,"column":6},"end":{"line":11,"column":75}},"6":{"start":{"line":14,"column":4},"end":{"line":16,"column":5}},"7":{"start":{"line":15,"column":6},"end":{"line":15,"column":77}},"8":{"start":{"line":18,"column":4},"end":{"line":18,"column":16}},"9":{"start":{"line":4,"column":13},"end":{"line":4,"column":29}},"10":{"start":{"line":4,"column":13},"end":{"line":20,"column":null}}},"fnMap":{"0":{"name":"(anonymous_1)","decl":{"start":{"line":5,"column":2},"end":{"line":5,"column":13}},"loc":{"start":{"line":5,"column":39},"end":{"line":19,"column":3}}}},"branchMap":{"0":{"loc":{"start":{"line":10,"column":4},"end":{"line":12,"column":5}},"type":"if","locations":[{"start":{"line":10,"column":4},"end":{"line":12,"column":5}},{"start":{},"end":{}}]},"1":{"loc":{"start":{"line":10,"column":8},"end":{"line":10,"column":48}},"type":"binary-expr","locations":[{"start":{"line":10,"column":8},"end":{"line":10,"column":13}},{"start":{"line":10,"column":17},"end":{"line":10,"column":48}}]},"2":{"loc":{"start":{"line":14,"column":4},"end":{"line":16,"column":5}},"type":"if","locations":[{"start":{"line":14,"column":4},"end":{"line":16,"column":5}},{"start":{},"end":{}}]}},"s":{"0":0,"1":0,"2":0,"3":0,"4":0,"5":0,"6":0,"7":0,"8":0,"9":0,"10":0},"f":{"0":0},"b":{"0":[0,0],"1":[0,0],"2":[0,0]}}
,"C:\\Users\\arunk\\Desktop\\AgencyOS\\services\\auth\\src\\gateway\\interceptors\\api-logging.interceptor.ts": {"path":"C:\\Users\\arunk\\Desktop\\AgencyOS\\services\\auth\\src\\gateway\\interceptors\\api-logging.interceptor.ts","statementMap":{"0":{"start":{"line":1,"column":0},"end":{"line":1,"column":100}},"1":{"start":{"line":3,"column":0},"end":{"line":3,"column":37}},"2":{"start":{"line":4,"column":0},"end":{"line":4,"column":70}},"3":{"start":{"line":7,"column":34},"end":{"line":48,"column":null}},"4":{"start":{"line":8,"column":28},"end":{"line":8,"column":66}},"5":{"start":{"line":10,"column":31},"end":{"line":10,"column":35}},"6":{"start":{"line":13,"column":16},"end":{"line":13,"column":38}},"7":{"start":{"line":14,"column":20},"end":{"line":14,"column":36}},"8":{"start":{"line":15,"column":21},"end":{"line":15,"column":38}},"9":{"start":{"line":17,"column":32},"end":{"line":17,"column":39}},"10":{"start":{"line":18,"column":16},"end":{"line":18,"column":26}},"11":{"start":{"line":20,"column":4},"end":{"line":36,"column":6}},"12":{"start":{"line":22,"column":31},"end":{"line":22,"column":47}},"13":{"start":{"line":23,"column":27},"end":{"line":23,"column":46}},"14":{"start":{"line":26,"column":8},"end":{"line":34,"column":11}},"15":{"start":{"line":40,"column":4},"end":{"line":46,"column":5}},"16":{"start":{"line":41,"column":6},"end":{"line":43,"column":9}},"17":{"start":{"line":45,"column":6},"end":{"line":45,"column":61}},"18":{"start":{"line":7,"column":13},"end":{"line":7,"column":34}},"19":{"start":{"line":7,"column":13},"end":{"line":48,"column":null}}},"fnMap":{"0":{"name":"(anonymous_2)","decl":{"start":{"line":10,"column":2},"end":{"line":10,"column":31}},"loc":{"start":{"line":10,"column":48},"end":{"line":10,"column":52}}},"1":{"name":"(anonymous_3)","decl":{"start":{"line":12,"column":2},"end":{"line":12,"column":11}},"loc":{"start":{"line":12,"column":56},"end":{"line":37,"column":3}}},"2":{"name":"(anonymous_4)","decl":{"start":{"line":21,"column":10},"end":{"line":21,"column":13}},"loc":{"start":{"line":21,"column":15},"end":{"line":35,"column":7}}},"3":{"name":"(anonymous_5)","decl":{"start":{"line":39,"column":10},"end":{"line":39,"column":15}},"loc":{"start":{"line":39,"column":39},"end":{"line":47,"column":3}}}},"branchMap":{"0":{"loc":{"start":{"line":32,"column":26},"end":{"line":32,"column":75}},"type":"binary-expr","locations":[{"start":{"line":32,"column":26},"end":{"line":32,"column":54}},{"start":{"line":32,"column":58},"end":{"line":32,"column":75}}]},"1":{"loc":{"start":{"line":10,"column":35},"end":{"line":10,"column":51}},"type":"cond-expr","locations":[{"start":{"line":10,"column":48},"end":{"line":10,"column":51}},{"start":{"line":10,"column":48},"end":{"line":10,"column":51}}]},"2":{"loc":{"start":{"line":10,"column":35},"end":{"line":10,"column":48}},"type":"binary-expr","locations":[{"start":{"line":10,"column":35},"end":{"line":10,"column":51}},{"start":{"line":10,"column":35},"end":{"line":10,"column":48}}]}},"s":{"0":0,"1":0,"2":0,"3":0,"4":0,"5":0,"6":0,"7":0,"8":0,"9":0,"10":0,"11":0,"12":0,"13":0,"14":0,"15":0,"16":0,"17":0,"18":0,"19":0},"f":{"0":0,"1":0,"2":0,"3":0},"b":{"0":[0,0],"1":[0,0],"2":[0,0]}}
,"C:\\Users\\arunk\\Desktop\\AgencyOS\\services\\auth\\src\\modules\\ai\\ai.controller.ts": {"path":"C:\\Users\\arunk\\Desktop\\AgencyOS\\services\\auth\\src\\modules\\ai\\ai.controller.ts","statementMap":{"0":{"start":{"line":1,"column":0},"end":{"line":1,"column":77}},"1":{"start":{"line":2,"column":0},"end":{"line":2,"column":41}},"2":{"start":{"line":3,"column":0},"end":{"line":3,"column":66}},"3":{"start":{"line":4,"column":0},"end":{"line":4,"column":58}},"4":{"start":{"line":5,"column":0},"end":{"line":5,"column":54}},"5":{"start":{"line":6,"column":0},"end":{"line":6,"column":66}},"6":{"start":{"line":7,"column":0},"end":{"line":7,"column":46}},"7":{"start":{"line":8,"column":0},"end":{"line":8,"column":61}},"8":{"start":{"line":9,"column":0},"end":{"line":9,"column":56}},"9":{"start":{"line":10,"column":0},"end":{"line":10,"column":78}},"10":{"start":{"line":14,"column":7},"end":{"line":58,"column":null}},"11":{"start":{"line":15,"column":31},"end":{"line":15,"column":42}},"12":{"start":{"line":20,"column":4},"end":{"line":20,"column":86}},"13":{"start":{"line":26,"column":4},"end":{"line":26,"column":70}},"14":{"start":{"line":32,"column":4},"end":{"line":32,"column":82}},"15":{"start":{"line":38,"column":4},"end":{"line":38,"column":70}},"16":{"start":{"line":44,"column":4},"end":{"line":44,"column":80}},"17":{"start":{"line":50,"column":4},"end":{"line":50,"column":86}},"18":{"start":{"line":56,"column":4},"end":{"line":56,"column":49}},"19":{"start":{"line":14,"column":13},"end":{"line":14,"column":25}},"20":{"start":{"line":19,"column":8},"end":{"line":21,"column":null}},"21":{"start":{"line":25,"column":8},"end":{"line":27,"column":null}},"22":{"start":{"line":31,"column":8},"end":{"line":33,"column":null}},"23":{"start":{"line":37,"column":8},"end":{"line":39,"column":null}},"24":{"start":{"line":43,"column":8},"end":{"line":45,"column":null}},"25":{"start":{"line":49,"column":8},"end":{"line":51,"column":null}},"26":{"start":{"line":55,"column":8},"end":{"line":57,"column":null}},"27":{"start":{"line":14,"column":13},"end":{"line":58,"column":null}}},"fnMap":{"0":{"name":"(anonymous_4)","decl":{"start":{"line":15,"column":2},"end":{"line":15,"column":31}},"loc":{"start":{"line":15,"column":51},"end":{"line":15,"column":55}}},"1":{"name":"(anonymous_5)","decl":{"start":{"line":19,"column":8},"end":{"line":19,"column":24}},"loc":{"start":{"line":19,"column":69},"end":{"line":21,"column":3}}},"2":{"name":"(anonymous_6)","decl":{"start":{"line":25,"column":8},"end":{"line":25,"column":26}},"loc":{"start":{"line":25,"column":37},"end":{"line":27,"column":3}}},"3":{"name":"(anonymous_7)","decl":{"start":{"line":31,"column":8},"end":{"line":31,"column":20}},"loc":{"start":{"line":31,"column":61},"end":{"line":33,"column":3}}},"4":{"name":"(anonymous_8)","decl":{"start":{"line":37,"column":8},"end":{"line":37,"column":26}},"loc":{"start":{"line":37,"column":37},"end":{"line":39,"column":3}}},"5":{"name":"(anonymous_9)","decl":{"start":{"line":43,"column":8},"end":{"line":43,"column":18}},"loc":{"start":{"line":43,"column":57},"end":{"line":45,"column":3}}},"6":{"name":"(anonymous_10)","decl":{"start":{"line":49,"column":8},"end":{"line":49,"column":24}},"loc":{"start":{"line":49,"column":69},"end":{"line":51,"column":3}}},"7":{"name":"(anonymous_11)","decl":{"start":{"line":55,"column":8},"end":{"line":55,"column":12}},"loc":{"start":{"line":55,"column":47},"end":{"line":57,"column":3}}}},"branchMap":{"0":{"loc":{"start":{"line":19,"column":50},"end":{"line":19,"column":null}},"type":"cond-expr","locations":[{"start":{"line":19,"column":69},"end":{"line":19,"column":null}},{"start":{"line":19,"column":69},"end":{"line":19,"column":null}}]},"1":{"loc":{"start":{"line":19,"column":50},"end":{"line":19,"column":69}},"type":"binary-expr","locations":[{"start":{"line":19,"column":50},"end":{"line":19,"column":null}},{"start":{"line":19,"column":50},"end":{"line":19,"column":69}}]},"2":{"loc":{"start":{"line":31,"column":46},"end":{"line":31,"column":null}},"type":"cond-expr","locations":[{"start":{"line":31,"column":61},"end":{"line":31,"column":null}},{"start":{"line":31,"column":61},"end":{"line":31,"column":null}}]},"3":{"loc":{"start":{"line":31,"column":46},"end":{"line":31,"column":61}},"type":"binary-expr","locations":[{"start":{"line":31,"column":46},"end":{"line":31,"column":null}},{"start":{"line":31,"column":46},"end":{"line":31,"column":61}}]},"4":{"loc":{"start":{"line":43,"column":44},"end":{"line":43,"column":null}},"type":"cond-expr","locations":[{"start":{"line":43,"column":57},"end":{"line":43,"column":null}},{"start":{"line":43,"column":57},"end":{"line":43,"column":null}}]},"5":{"loc":{"start":{"line":43,"column":44},"end":{"line":43,"column":57}},"type":"binary-expr","locations":[{"start":{"line":43,"column":44},"end":{"line":43,"column":null}},{"start":{"line":43,"column":44},"end":{"line":43,"column":57}}]},"6":{"loc":{"start":{"line":49,"column":50},"end":{"line":49,"column":null}},"type":"cond-expr","locations":[{"start":{"line":49,"column":69},"end":{"line":49,"column":null}},{"start":{"line":49,"column":69},"end":{"line":49,"column":null}}]},"7":{"loc":{"start":{"line":49,"column":50},"end":{"line":49,"column":69}},"type":"binary-expr","locations":[{"start":{"line":49,"column":50},"end":{"line":49,"column":null}},{"start":{"line":49,"column":50},"end":{"line":49,"column":69}}]},"8":{"loc":{"start":{"line":55,"column":38},"end":{"line":55,"column":null}},"type":"cond-expr","locations":[{"start":{"line":55,"column":47},"end":{"line":55,"column":null}},{"start":{"line":55,"column":47},"end":{"line":55,"column":null}}]},"9":{"loc":{"start":{"line":55,"column":38},"end":{"line":55,"column":47}},"type":"binary-expr","locations":[{"start":{"line":55,"column":38},"end":{"line":55,"column":null}},{"start":{"line":55,"column":38},"end":{"line":55,"column":47}}]},"10":{"loc":{"start":{"line":15,"column":42},"end":{"line":15,"column":54}},"type":"cond-expr","locations":[{"start":{"line":15,"column":51},"end":{"line":15,"column":54}},{"start":{"line":15,"column":51},"end":{"line":15,"column":54}}]},"11":{"loc":{"start":{"line":15,"column":42},"end":{"line":15,"column":51}},"type":"binary-expr","locations":[{"start":{"line":15,"column":42},"end":{"line":15,"column":54}},{"start":{"line":15,"column":42},"end":{"line":15,"column":51}}]}},"s":{"0":0,"1":0,"2":0,"3":0,"4":0,"5":0,"6":0,"7":0,"8":0,"9":0,"10":0,"11":0,"12":0,"13":0,"14":0,"15":0,"16":0,"17":0,"18":0,"19":0,"20":0,"21":0,"22":0,"23":0,"24":0,"25":0,"26":0,"27":0},"f":{"0":0,"1":0,"2":0,"3":0,"4":0,"5":0,"6":0,"7":0},"b":{"0":[0,0],"1":[0,0],"2":[0,0],"3":[0,0],"4":[0,0],"5":[0,0],"6":[0,0],"7":[0,0],"8":[0,0],"9":[0,0],"10":[0,0],"11":[0,0]}}
,"C:\\Users\\arunk\\Desktop\\AgencyOS\\services\\auth\\src\\modules\\ai\\ai.module.ts": {"path":"C:\\Users\\arunk\\Desktop\\AgencyOS\\services\\auth\\src\\modules\\ai\\ai.module.ts","statementMap":{"0":{"start":{"line":1,"column":0},"end":{"line":1,"column":40}},"1":{"start":{"line":2,"column":0},"end":{"line":2,"column":43}},"2":{"start":{"line":3,"column":0},"end":{"line":3,"column":47}},"3":{"start":{"line":4,"column":0},"end":{"line":4,"column":41}},"4":{"start":{"line":5,"column":0},"end":{"line":5,"column":61}},"5":{"start":{"line":16,"column":7},"end":{"line":16,"column":null}},"6":{"start":{"line":16,"column":13},"end":{"line":16,"column":21}},"7":{"start":{"line":16,"column":13},"end":{"line":16,"column":null}}},"fnMap":{},"branchMap":{},"s":{"0":0,"1":0,"2":0,"3":0,"4":0,"5":0,"6":0,"7":0},"f":{},"b":{}}
,"C:\\Users\\arunk\\Desktop\\AgencyOS\\services\\auth\\src\\modules\\ai\\ai.service.ts": {"path":"C:\\Users\\arunk\\Desktop\\AgencyOS\\services\\auth\\src\\modules\\ai\\ai.service.ts","statementMap":{"0":{"start":{"line":1,"column":0},"end":{"line":1,"column":71}},"1":{"start":{"line":2,"column":0},"end":{"line":2,"column":44}},"2":{"start":{"line":3,"column":0},"end":{"line":3,"column":59}},"3":{"start":{"line":9,"column":0},"end":{"line":9,"column":38}},"4":{"start":{"line":12,"column":7},"end":{"line":168,"column":null}},"5":{"start":{"line":13,"column":34},"end":{"line":13,"column":87}},"6":{"start":{"line":16,"column":12},"end":{"line":16,"column":25}},"7":{"start":{"line":17,"column":12},"end":{"line":17,"column":16}},"8":{"start":{"line":21,"column":4},"end":{"line":50,"column":5}},"9":{"start":{"line":23,"column":23},"end":{"line":26,"column":null}},"10":{"start":{"line":29,"column":31},"end":{"line":29,"column":61}},"11":{"start":{"line":32,"column":23},"end":{"line":42,"column":8}},"12":{"start":{"line":44,"column":6},"end":{"line":44,"column":22}},"13":{"start":{"line":46,"column":6},"end":{"line":49,"column":8}},"14":{"start":{"line":54,"column":4},"end":{"line":57,"column":7}},"15":{"start":{"line":61,"column":4},"end":{"line":84,"column":5}},"16":{"start":{"line":62,"column":23},"end":{"line":65,"column":null}},"17":{"start":{"line":68,"column":51},"end":{"line":68,"column":64}},"18":{"start":{"line":70,"column":6},"end":{"line":78,"column":9}},"19":{"start":{"line":80,"column":6},"end":{"line":83,"column":8}},"20":{"start":{"line":88,"column":4},"end":{"line":91,"column":7}},"21":{"start":{"line":95,"column":4},"end":{"line":120,"column":5}},"22":{"start":{"line":96,"column":23},"end":{"line":100,"column":null}},"23":{"start":{"line":103,"column":32},"end":{"line":103,"column":45}},"24":{"start":{"line":105,"column":6},"end":{"line":114,"column":9}},"25":{"start":{"line":116,"column":6},"end":{"line":119,"column":8}},"26":{"start":{"line":124,"column":4},"end":{"line":148,"column":5}},"27":{"start":{"line":125,"column":23},"end":{"line":128,"column":null}},"28":{"start":{"line":131,"column":39},"end":{"line":131,"column":52}},"29":{"start":{"line":133,"column":6},"end":{"line":142,"column":9}},"30":{"start":{"line":144,"column":6},"end":{"line":147,"column":8}},"31":{"start":{"line":152,"column":4},"end":{"line":166,"column":5}},"32":{"start":{"line":153,"column":23},"end":{"line":157,"column":null}},"33":{"start":{"line":160,"column":6},"end":{"line":160,"column":27}},"34":{"start":{"line":162,"column":6},"end":{"line":165,"column":8}},"35":{"start":{"line":12,"column":13},"end":{"line":12,"column":22}},"36":{"start":{"line":12,"column":13},"end":{"line":168,"column":null}}},"fnMap":{"0":{"name":"(anonymous_2)","decl":{"start":{"line":15,"column":2},"end":{"line":15,"column":null}},"loc":{"start":{"line":17,"column":29},"end":{"line":18,"column":6}}},"1":{"name":"(anonymous_3)","decl":{"start":{"line":20,"column":2},"end":{"line":20,"column":7}},"loc":{"start":{"line":20,"column":89},"end":{"line":51,"column":3}}},"2":{"name":"(anonymous_4)","decl":{"start":{"line":53,"column":2},"end":{"line":53,"column":7}},"loc":{"start":{"line":53,"column":49},"end":{"line":58,"column":3}}},"3":{"name":"(anonymous_5)","decl":{"start":{"line":60,"column":2},"end":{"line":60,"column":7}},"loc":{"start":{"line":60,"column":81},"end":{"line":85,"column":3}}},"4":{"name":"(anonymous_6)","decl":{"start":{"line":87,"column":2},"end":{"line":87,"column":7}},"loc":{"start":{"line":87,"column":49},"end":{"line":92,"column":3}}},"5":{"name":"(anonymous_7)","decl":{"start":{"line":94,"column":2},"end":{"line":94,"column":7}},"loc":{"start":{"line":94,"column":77},"end":{"line":121,"column":3}}},"6":{"name":"(anonymous_8)","decl":{"start":{"line":123,"column":2},"end":{"line":123,"column":7}},"loc":{"start":{"line":123,"column":89},"end":{"line":149,"column":3}}},"7":{"name":"(anonymous_9)","decl":{"start":{"line":151,"column":2},"end":{"line":151,"column":7}},"loc":{"start":{"line":151,"column":43},"end":{"line":167,"column":3}}}},"branchMap":{"0":{"loc":{"start":{"line":13,"column":34},"end":{"line":13,"column":87}},"type":"binary-expr","locations":[{"start":{"line":13,"column":34},"end":{"line":13,"column":60}},{"start":{"line":13,"column":64},"end":{"line":13,"column":87}}]},"1":{"loc":{"start":{"line":47,"column":8},"end":{"line":47,"column":71}},"type":"binary-expr","locations":[{"start":{"line":47,"column":8},"end":{"line":47,"column":28}},{"start":{"line":47,"column":32},"end":{"line":47,"column":71}}]},"2":{"loc":{"start":{"line":48,"column":8},"end":{"line":48,"column":66}},"type":"binary-expr","locations":[{"start":{"line":48,"column":8},"end":{"line":48,"column":30}},{"start":{"line":48,"column":34},"end":{"line":48,"column":66}}]},"3":{"loc":{"start":{"line":81,"column":8},"end":{"line":81,"column":71}},"type":"binary-expr","locations":[{"start":{"line":81,"column":8},"end":{"line":81,"column":28}},{"start":{"line":81,"column":32},"end":{"line":81,"column":71}}]},"4":{"loc":{"start":{"line":82,"column":8},"end":{"line":82,"column":66}},"type":"binary-expr","locations":[{"start":{"line":82,"column":8},"end":{"line":82,"column":30}},{"start":{"line":82,"column":34},"end":{"line":82,"column":66}}]},"5":{"loc":{"start":{"line":99,"column":16},"end":{"line":99,"column":42}},"type":"binary-expr","locations":[{"start":{"line":99,"column":16},"end":{"line":99,"column":24}},{"start":{"line":99,"column":28},"end":{"line":99,"column":42}}]},"6":{"loc":{"start":{"line":108,"column":16},"end":{"line":108,"column":42}},"type":"binary-expr","locations":[{"start":{"line":108,"column":16},"end":{"line":108,"column":24}},{"start":{"line":108,"column":28},"end":{"line":108,"column":42}}]},"7":{"loc":{"start":{"line":117,"column":8},"end":{"line":117,"column":71}},"type":"binary-expr","locations":[{"start":{"line":117,"column":8},"end":{"line":117,"column":28}},{"start":{"line":117,"column":32},"end":{"line":117,"column":71}}]},"8":{"loc":{"start":{"line":118,"column":8},"end":{"line":118,"column":66}},"type":"binary-expr","locations":[{"start":{"line":118,"column":8},"end":{"line":118,"column":30}},{"start":{"line":118,"column":34},"end":{"line":118,"column":66}}]},"9":{"loc":{"start":{"line":145,"column":8},"end":{"line":145,"column":71}},"type":"binary-expr","locations":[{"start":{"line":145,"column":8},"end":{"line":145,"column":28}},{"start":{"line":145,"column":32},"end":{"line":145,"column":71}}]},"10":{"loc":{"start":{"line":146,"column":8},"end":{"line":146,"column":66}},"type":"binary-expr","locations":[{"start":{"line":146,"column":8},"end":{"line":146,"column":30}},{"start":{"line":146,"column":34},"end":{"line":146,"column":66}}]},"11":{"loc":{"start":{"line":156,"column":31},"end":{"line":156,"column":60}},"type":"binary-expr","locations":[{"start":{"line":156,"column":31},"end":{"line":156,"column":54}},{"start":{"line":156,"column":58},"end":{"line":156,"column":60}}]},"12":{"loc":{"start":{"line":163,"column":8},"end":{"line":163,"column":71}},"type":"binary-expr","locations":[{"start":{"line":163,"column":8},"end":{"line":163,"column":28}},{"start":{"line":163,"column":32},"end":{"line":163,"column":71}}]},"13":{"loc":{"start":{"line":164,"column":8},"end":{"line":164,"column":66}},"type":"binary-expr","locations":[{"start":{"line":164,"column":8},"end":{"line":164,"column":30}},{"start":{"line":164,"column":34},"end":{"line":164,"column":66}}]},"14":{"loc":{"start":{"line":16,"column":25},"end":{"line":16,"column":null}},"type":"cond-expr","locations":[{"start":{"line":16,"column":36},"end":{"line":16,"column":null}},{"start":{"line":16,"column":36},"end":{"line":16,"column":null}}]},"15":{"loc":{"start":{"line":16,"column":25},"end":{"line":16,"column":36}},"type":"binary-expr","locations":[{"start":{"line":16,"column":25},"end":{"line":16,"column":null}},{"start":{"line":16,"column":25},"end":{"line":16,"column":36}}]},"16":{"loc":{"start":{"line":16,"column":36},"end":{"line":17,"column":null}},"type":"cond-expr","locations":[{"start":{"line":17,"column":29},"end":{"line":17,"column":null}},{"start":{"line":17,"column":29},"end":{"line":17,"column":null}}]},"17":{"loc":{"start":{"line":16,"column":36},"end":{"line":17,"column":29}},"type":"binary-expr","locations":[{"start":{"line":16,"column":36},"end":{"line":17,"column":null}},{"start":{"line":17,"column":16},"end":{"line":17,"column":29}}]}},"s":{"0":0,"1":0,"2":0,"3":0,"4":0,"5":0,"6":0,"7":0,"8":0,"9":0,"10":0,"11":0,"12":0,"13":0,"14":0,"15":0,"16":0,"17":0,"18":0,"19":0,"20":0,"21":0,"22":0,"23":0,"24":0,"25":0,"26":0,"27":0,"28":0,"29":0,"30":0,"31":0,"32":0,"33":0,"34":0,"35":0,"36":0},"f":{"0":0,"1":0,"2":0,"3":0,"4":0,"5":0,"6":0,"7":0},"b":{"0":[0,0],"1":[0,0],"2":[0,0],"3":[0,0],"4":[0,0],"5":[0,0],"6":[0,0],"7":[0,0],"8":[0,0],"9":[0,0],"10":[0,0],"11":[0,0],"12":[0,0],"13":[0,0],"14":[0,0],"15":[0,0],"16":[0,0],"17":[0,0]}}
,"C:\\Users\\arunk\\Desktop\\AgencyOS\\services\\auth\\src\\modules\\ai\\dto\\ai-chat.dto.ts": {"path":"C:\\Users\\arunk\\Desktop\\AgencyOS\\services\\auth\\src\\modules\\ai\\dto\\ai-chat.dto.ts","statementMap":{"0":{"start":{"line":1,"column":0},"end":{"line":1,"column":64}},"1":{"start":{"line":3,"column":0},"end":{"line":3,"column":13}},"2":{"start":{"line":5,"column":2},"end":{"line":5,"column":null}},"3":{"start":{"line":9,"column":2},"end":{"line":9,"column":null}}},"fnMap":{},"branchMap":{},"s":{"0":0,"1":0,"2":0,"3":0},"f":{},"b":{}}
,"C:\\Users\\arunk\\Desktop\\AgencyOS\\services\\auth\\src\\modules\\ai\\dto\\audit-website.dto.ts": {"path":"C:\\Users\\arunk\\Desktop\\AgencyOS\\services\\auth\\src\\modules\\ai\\dto\\audit-website.dto.ts","statementMap":{"0":{"start":{"line":1,"column":0},"end":{"line":1,"column":50}},"1":{"start":{"line":3,"column":0},"end":{"line":3,"column":13}},"2":{"start":{"line":5,"column":2},"end":{"line":5,"column":null}}},"fnMap":{},"branchMap":{},"s":{"0":0,"1":0,"2":0},"f":{},"b":{}}
,"C:\\Users\\arunk\\Desktop\\AgencyOS\\services\\auth\\src\\modules\\ai\\dto\\generate-proposal.dto.ts": {"path":"C:\\Users\\arunk\\Desktop\\AgencyOS\\services\\auth\\src\\modules\\ai\\dto\\generate-proposal.dto.ts","statementMap":{"0":{"start":{"line":1,"column":0},"end":{"line":1,"column":55}},"1":{"start":{"line":3,"column":0},"end":{"line":3,"column":13}},"2":{"start":{"line":5,"column":2},"end":{"line":5,"column":null}},"3":{"start":{"line":9,"column":2},"end":{"line":9,"column":null}},"4":{"start":{"line":13,"column":2},"end":{"line":13,"column":null}}},"fnMap":{},"branchMap":{},"s":{"0":0,"1":0,"2":0,"3":0,"4":0},"f":{},"b":{}}
,"C:\\Users\\arunk\\Desktop\\AgencyOS\\services\\auth\\src\\modules\\ai\\dto\\summarize-meeting.dto.ts": {"path":"C:\\Users\\arunk\\Desktop\\AgencyOS\\services\\auth\\src\\modules\\ai\\dto\\summarize-meeting.dto.ts","statementMap":{"0":{"start":{"line":1,"column":0},"end":{"line":1,"column":55}},"1":{"start":{"line":3,"column":0},"end":{"line":3,"column":13}},"2":{"start":{"line":5,"column":2},"end":{"line":5,"column":null}},"3":{"start":{"line":9,"column":2},"end":{"line":9,"column":null}}},"fnMap":{},"branchMap":{},"s":{"0":0,"1":0,"2":0,"3":0},"f":{},"b":{}}
,"C:\\Users\\arunk\\Desktop\\AgencyOS\\services\\auth\\src\\modules\\ai\\dto\\write-email.dto.ts": {"path":"C:\\Users\\arunk\\Desktop\\AgencyOS\\services\\auth\\src\\modules\\ai\\dto\\write-email.dto.ts","statementMap":{"0":{"start":{"line":1,"column":0},"end":{"line":1,"column":55}},"1":{"start":{"line":9,"column":18},"end":{"line":9,"column":32}},"2":{"start":{"line":3,"column":0},"end":{"line":3,"column":13}},"3":{"start":{"line":5,"column":2},"end":{"line":5,"column":null}},"4":{"start":{"line":9,"column":2},"end":{"line":9,"column":null}}},"fnMap":{},"branchMap":{},"s":{"0":0,"1":0,"2":0,"3":0,"4":0},"f":{},"b":{}}
,"C:\\Users\\arunk\\Desktop\\AgencyOS\\services\\auth\\src\\modules\\analytics\\analytics.controller.ts": {"path":"C:\\Users\\arunk\\Desktop\\AgencyOS\\services\\auth\\src\\modules\\analytics\\analytics.controller.ts","statementMap":{"0":{"start":{"line":1,"column":0},"end":{"line":1,"column":84}},"1":{"start":{"line":2,"column":0},"end":{"line":2,"column":55}},"2":{"start":{"line":3,"column":0},"end":{"line":3,"column":61}},"3":{"start":{"line":4,"column":0},"end":{"line":4,"column":56}},"4":{"start":{"line":5,"column":0},"end":{"line":5,"column":78}},"5":{"start":{"line":9,"column":7},"end":{"line":46,"column":null}},"6":{"start":{"line":10,"column":31},"end":{"line":10,"column":49}},"7":{"start":{"line":15,"column":4},"end":{"line":15,"column":89}},"8":{"start":{"line":21,"column":4},"end":{"line":21,"column":74}},"9":{"start":{"line":27,"column":4},"end":{"line":27,"column":74}},"10":{"start":{"line":33,"column":4},"end":{"line":37,"column":6}},"11":{"start":{"line":44,"column":4},"end":{"line":44,"column":83}},"12":{"start":{"line":9,"column":13},"end":{"line":9,"column":32}},"13":{"start":{"line":14,"column":8},"end":{"line":16,"column":null}},"14":{"start":{"line":20,"column":8},"end":{"line":22,"column":null}},"15":{"start":{"line":26,"column":8},"end":{"line":28,"column":null}},"16":{"start":{"line":32,"column":8},"end":{"line":38,"column":null}},"17":{"start":{"line":43,"column":8},"end":{"line":45,"column":null}},"18":{"start":{"line":9,"column":13},"end":{"line":46,"column":null}}},"fnMap":{"0":{"name":"(anonymous_4)","decl":{"start":{"line":10,"column":2},"end":{"line":10,"column":31}},"loc":{"start":{"line":10,"column":65},"end":{"line":10,"column":69}}},"1":{"name":"(anonymous_5)","decl":{"start":{"line":14,"column":8},"end":{"line":14,"column":28}},"loc":{"start":{"line":14,"column":93},"end":{"line":16,"column":3}}},"2":{"name":"(anonymous_6)","decl":{"start":{"line":20,"column":8},"end":{"line":20,"column":23}},"loc":{"start":{"line":20,"column":34},"end":{"line":22,"column":3}}},"3":{"name":"(anonymous_7)","decl":{"start":{"line":26,"column":8},"end":{"line":26,"column":23}},"loc":{"start":{"line":26,"column":34},"end":{"line":28,"column":3}}},"4":{"name":"(anonymous_8)","decl":{"start":{"line":32,"column":8},"end":{"line":32,"column":26}},"loc":{"start":{"line":32,"column":97},"end":{"line":38,"column":3}}},"5":{"name":"(anonymous_9)","decl":{"start":{"line":43,"column":8},"end":{"line":43,"column":23}},"loc":{"start":{"line":43,"column":50},"end":{"line":45,"column":3}}}},"branchMap":{"0":{"loc":{"start":{"line":35,"column":6},"end":{"line":35,"column":41}},"type":"cond-expr","locations":[{"start":{"line":35,"column":14},"end":{"line":35,"column":29}},{"start":{"line":35,"column":32},"end":{"line":35,"column":41}}]},"1":{"loc":{"start":{"line":36,"column":6},"end":{"line":36,"column":39}},"type":"cond-expr","locations":[{"start":{"line":36,"column":13},"end":{"line":36,"column":27}},{"start":{"line":36,"column":30},"end":{"line":36,"column":39}}]},"2":{"loc":{"start":{"line":44,"column":49},"end":{"line":44,"column":81}},"type":"binary-expr","locations":[{"start":{"line":44,"column":49},"end":{"line":44,"column":53}},{"start":{"line":44,"column":57},"end":{"line":44,"column":81}}]},"3":{"loc":{"start":{"line":10,"column":49},"end":{"line":10,"column":68}},"type":"cond-expr","locations":[{"start":{"line":10,"column":65},"end":{"line":10,"column":68}},{"start":{"line":10,"column":65},"end":{"line":10,"column":68}}]},"4":{"loc":{"start":{"line":10,"column":49},"end":{"line":10,"column":65}},"type":"binary-expr","locations":[{"start":{"line":10,"column":49},"end":{"line":10,"column":68}},{"start":{"line":10,"column":49},"end":{"line":10,"column":65}}]}},"s":{"0":0,"1":0,"2":0,"3":0,"4":0,"5":0,"6":0,"7":0,"8":0,"9":0,"10":0,"11":0,"12":0,"13":0,"14":0,"15":0,"16":0,"17":0,"18":0},"f":{"0":0,"1":0,"2":0,"3":0,"4":0,"5":0},"b":{"0":[0,0],"1":[0,0],"2":[0,0],"3":[0,0],"4":[0,0]}}
,"C:\\Users\\arunk\\Desktop\\AgencyOS\\services\\auth\\src\\modules\\analytics\\analytics.module.ts": {"path":"C:\\Users\\arunk\\Desktop\\AgencyOS\\services\\auth\\src\\modules\\analytics\\analytics.module.ts","statementMap":{"0":{"start":{"line":1,"column":0},"end":{"line":1,"column":40}},"1":{"start":{"line":2,"column":0},"end":{"line":2,"column":61}},"2":{"start":{"line":3,"column":0},"end":{"line":3,"column":55}},"3":{"start":{"line":4,"column":0},"end":{"line":4,"column":46}},"4":{"start":{"line":5,"column":0},"end":{"line":5,"column":61}},"5":{"start":{"line":13,"column":7},"end":{"line":13,"column":null}},"6":{"start":{"line":13,"column":13},"end":{"line":13,"column":28}},"7":{"start":{"line":13,"column":13},"end":{"line":13,"column":null}}},"fnMap":{},"branchMap":{},"s":{"0":0,"1":0,"2":0,"3":0,"4":0,"5":0,"6":0,"7":0},"f":{},"b":{}}
,"C:\\Users\\arunk\\Desktop\\AgencyOS\\services\\auth\\src\\modules\\analytics\\analytics.service.ts": {"path":"C:\\Users\\arunk\\Desktop\\AgencyOS\\services\\auth\\src\\modules\\analytics\\analytics.service.ts","statementMap":{"0":{"start":{"line":1,"column":0},"end":{"line":1,"column":52}},"1":{"start":{"line":2,"column":0},"end":{"line":2,"column":59}},"2":{"start":{"line":5,"column":29},"end":{"line":83,"column":null}},"3":{"start":{"line":6,"column":28},"end":{"line":6,"column":61}},"4":{"start":{"line":8,"column":31},"end":{"line":8,"column":35}},"5":{"start":{"line":11,"column":21},"end":{"line":11,"column":92}},"6":{"start":{"line":12,"column":19},"end":{"line":12,"column":49}},"7":{"start":{"line":14,"column":20},"end":{"line":21,"column":6}},"8":{"start":{"line":23,"column":20},"end":{"line":29,"column":6}},"9":{"start":{"line":31,"column":28},"end":{"line":38,"column":6}},"10":{"start":{"line":40,"column":4},"end":{"line":44,"column":6}},"11":{"start":{"line":48,"column":4},"end":{"line":52,"column":7}},"12":{"start":{"line":56,"column":4},"end":{"line":60,"column":7}},"13":{"start":{"line":64,"column":14},"end":{"line":64,"column":69}},"14":{"start":{"line":65,"column":14},"end":{"line":65,"column":66}},"15":{"start":{"line":66,"column":17},"end":{"line":66,"column":38}},"16":{"start":{"line":68,"column":4},"end":{"line":74,"column":7}},"17":{"start":{"line":78,"column":4},"end":{"line":78,"column":65}},"18":{"start":{"line":81,"column":4},"end":{"line":81,"column":73}},"19":{"start":{"line":5,"column":13},"end":{"line":5,"column":29}},"20":{"start":{"line":5,"column":13},"end":{"line":83,"column":null}}},"fnMap":{"0":{"name":"(anonymous_2)","decl":{"start":{"line":8,"column":2},"end":{"line":8,"column":31}},"loc":{"start":{"line":8,"column":48},"end":{"line":8,"column":52}}},"1":{"name":"(anonymous_3)","decl":{"start":{"line":10,"column":2},"end":{"line":10,"column":7}},"loc":{"start":{"line":10,"column":79},"end":{"line":45,"column":3}}},"2":{"name":"(anonymous_4)","decl":{"start":{"line":47,"column":2},"end":{"line":47,"column":7}},"loc":{"start":{"line":47,"column":46},"end":{"line":53,"column":3}}},"3":{"name":"(anonymous_5)","decl":{"start":{"line":55,"column":2},"end":{"line":55,"column":7}},"loc":{"start":{"line":55,"column":46},"end":{"line":61,"column":3}}},"4":{"name":"(anonymous_6)","decl":{"start":{"line":63,"column":2},"end":{"line":63,"column":7}},"loc":{"start":{"line":63,"column":80},"end":{"line":75,"column":3}}},"5":{"name":"(anonymous_7)","decl":{"start":{"line":77,"column":2},"end":{"line":77,"column":7}},"loc":{"start":{"line":77,"column":36},"end":{"line":82,"column":3}}}},"branchMap":{"0":{"loc":{"start":{"line":11,"column":21},"end":{"line":11,"column":92}},"type":"cond-expr","locations":[{"start":{"line":11,"column":28},"end":{"line":11,"column":42}},{"start":{"line":11,"column":45},"end":{"line":11,"column":92}}]},"1":{"loc":{"start":{"line":12,"column":19},"end":{"line":12,"column":49}},"type":"cond-expr","locations":[{"start":{"line":12,"column":24},"end":{"line":12,"column":36}},{"start":{"line":12,"column":39},"end":{"line":12,"column":49}}]},"2":{"loc":{"start":{"line":64,"column":14},"end":{"line":64,"column":69}},"type":"cond-expr","locations":[{"start":{"line":64,"column":36},"end":{"line":64,"column":41}},{"start":{"line":64,"column":44},"end":{"line":64,"column":69}}]},"3":{"loc":{"start":{"line":65,"column":14},"end":{"line":65,"column":66}},"type":"cond-expr","locations":[{"start":{"line":65,"column":35},"end":{"line":65,"column":39}},{"start":{"line":65,"column":42},"end":{"line":65,"column":66}}]},"4":{"loc":{"start":{"line":8,"column":35},"end":{"line":8,"column":51}},"type":"cond-expr","locations":[{"start":{"line":8,"column":48},"end":{"line":8,"column":51}},{"start":{"line":8,"column":48},"end":{"line":8,"column":51}}]},"5":{"loc":{"start":{"line":8,"column":35},"end":{"line":8,"column":48}},"type":"binary-expr","locations":[{"start":{"line":8,"column":35},"end":{"line":8,"column":51}},{"start":{"line":8,"column":35},"end":{"line":8,"column":48}}]}},"s":{"0":0,"1":0,"2":0,"3":0,"4":0,"5":0,"6":0,"7":0,"8":0,"9":0,"10":0,"11":0,"12":0,"13":0,"14":0,"15":0,"16":0,"17":0,"18":0,"19":0,"20":0},"f":{"0":0,"1":0,"2":0,"3":0,"4":0,"5":0},"b":{"0":[0,0],"1":[0,0],"2":[0,0],"3":[0,0],"4":[0,0],"5":[0,0]}}
,"C:\\Users\\arunk\\Desktop\\AgencyOS\\services\\auth\\src\\modules\\analytics\\jobs\\rollup.job.ts": {"path":"C:\\Users\\arunk\\Desktop\\AgencyOS\\services\\auth\\src\\modules\\analytics\\jobs\\rollup.job.ts","statementMap":{"0":{"start":{"line":1,"column":0},"end":{"line":1,"column":52}},"1":{"start":{"line":2,"column":0},"end":{"line":2,"column":56}},"2":{"start":{"line":3,"column":0},"end":{"line":3,"column":56}},"3":{"start":{"line":6,"column":22},"end":{"line":21,"column":null}},"4":{"start":{"line":7,"column":28},"end":{"line":7,"column":54}},"5":{"start":{"line":9,"column":31},"end":{"line":9,"column":49}},"6":{"start":{"line":13,"column":4},"end":{"line":13,"column":59}},"7":{"start":{"line":14,"column":22},"end":{"line":14,"column":32}},"8":{"start":{"line":15,"column":4},"end":{"line":15,"column":47}},"9":{"start":{"line":18,"column":4},"end":{"line":18,"column":73}},"10":{"start":{"line":19,"column":4},"end":{"line":19,"column":49}},"11":{"start":{"line":6,"column":13},"end":{"line":6,"column":22}},"12":{"start":{"line":12,"column":8},"end":{"line":20,"column":null}},"13":{"start":{"line":6,"column":13},"end":{"line":21,"column":null}}},"fnMap":{"0":{"name":"(anonymous_2)","decl":{"start":{"line":9,"column":2},"end":{"line":9,"column":31}},"loc":{"start":{"line":9,"column":65},"end":{"line":9,"column":69}}},"1":{"name":"(anonymous_3)","decl":{"start":{"line":12,"column":8},"end":{"line":12,"column":25}},"loc":{"start":{"line":12,"column":25},"end":{"line":20,"column":3}}}},"branchMap":{"0":{"loc":{"start":{"line":9,"column":49},"end":{"line":9,"column":68}},"type":"cond-expr","locations":[{"start":{"line":9,"column":65},"end":{"line":9,"column":68}},{"start":{"line":9,"column":65},"end":{"line":9,"column":68}}]},"1":{"loc":{"start":{"line":9,"column":49},"end":{"line":9,"column":65}},"type":"binary-expr","locations":[{"start":{"line":9,"column":49},"end":{"line":9,"column":68}},{"start":{"line":9,"column":49},"end":{"line":9,"column":65}}]}},"s":{"0":0,"1":0,"2":0,"3":0,"4":0,"5":0,"6":0,"7":0,"8":0,"9":0,"10":0,"11":0,"12":0,"13":0},"f":{"0":0,"1":0},"b":{"0":[0,0],"1":[0,0]}}
,"C:\\Users\\arunk\\Desktop\\AgencyOS\\services\\auth\\src\\modules\\auth\\auth.controller.ts": {"path":"C:\\Users\\arunk\\Desktop\\AgencyOS\\services\\auth\\src\\modules\\auth\\auth.controller.ts","statementMap":{"0":{"start":{"line":1,"column":0},"end":{"line":1,"column":77}},"1":{"start":{"line":2,"column":0},"end":{"line":2,"column":45}},"2":{"start":{"line":3,"column":0},"end":{"line":3,"column":43}},"3":{"start":{"line":4,"column":0},"end":{"line":4,"column":47}},"4":{"start":{"line":5,"column":0},"end":{"line":5,"column":66}},"5":{"start":{"line":6,"column":0},"end":{"line":6,"column":77}},"6":{"start":{"line":11,"column":7},"end":{"line":42,"column":null}},"7":{"start":{"line":12,"column":31},"end":{"line":12,"column":44}},"8":{"start":{"line":15,"column":16},"end":{"line":15,"column":85}},"9":{"start":{"line":16,"column":22},"end":{"line":16,"column":47}},"10":{"start":{"line":17,"column":4},"end":{"line":17,"column":29}},"11":{"start":{"line":22,"column":30},"end":{"line":22,"column":57}},"12":{"start":{"line":23,"column":4},"end":{"line":23,"column":54}},"13":{"start":{"line":28,"column":4},"end":{"line":28,"column":53}},"14":{"start":{"line":33,"column":30},"end":{"line":33,"column":57}},"15":{"start":{"line":34,"column":4},"end":{"line":34,"column":56}},"16":{"start":{"line":40,"column":4},"end":{"line":40,"column":54}},"17":{"start":{"line":11,"column":13},"end":{"line":11,"column":27}},"18":{"start":{"line":21,"column":2},"end":{"line":24,"column":null}},"19":{"start":{"line":27,"column":2},"end":{"line":29,"column":null}},"20":{"start":{"line":32,"column":2},"end":{"line":35,"column":null}},"21":{"start":{"line":39,"column":2},"end":{"line":41,"column":null}},"22":{"start":{"line":11,"column":13},"end":{"line":42,"column":null}}},"fnMap":{"0":{"name":"(anonymous_4)","decl":{"start":{"line":12,"column":2},"end":{"line":12,"column":31}},"loc":{"start":{"line":12,"column":55},"end":{"line":12,"column":59}}},"1":{"name":"(anonymous_5)","decl":{"start":{"line":14,"column":10},"end":{"line":14,"column":27}},"loc":{"start":{"line":14,"column":40},"end":{"line":18,"column":3}}},"2":{"name":"(anonymous_6)","decl":{"start":{"line":21,"column":2},"end":{"line":21,"column":7}},"loc":{"start":{"line":21,"column":50},"end":{"line":24,"column":3}}},"3":{"name":"(anonymous_7)","decl":{"start":{"line":27,"column":2},"end":{"line":27,"column":8}},"loc":{"start":{"line":27,"column":32},"end":{"line":29,"column":3}}},"4":{"name":"(anonymous_8)","decl":{"start":{"line":32,"column":2},"end":{"line":32,"column":9}},"loc":{"start":{"line":32,"column":54},"end":{"line":35,"column":3}}},"5":{"name":"(anonymous_9)","decl":{"start":{"line":39,"column":2},"end":{"line":39,"column":15}},"loc":{"start":{"line":39,"column":47},"end":{"line":41,"column":3}}}},"branchMap":{"0":{"loc":{"start":{"line":15,"column":16},"end":{"line":15,"column":85}},"type":"binary-expr","locations":[{"start":{"line":15,"column":16},"end":{"line":15,"column":57}},{"start":{"line":15,"column":61},"end":{"line":15,"column":85}}]},"1":{"loc":{"start":{"line":21,"column":21},"end":{"line":21,"column":32}},"type":"cond-expr","locations":[{"start":{"line":21,"column":29},"end":{"line":21,"column":32}},{"start":{"line":21,"column":29},"end":{"line":21,"column":32}}]},"2":{"loc":{"start":{"line":21,"column":21},"end":{"line":21,"column":29}},"type":"binary-expr","locations":[{"start":{"line":21,"column":21},"end":{"line":21,"column":32}},{"start":{"line":21,"column":21},"end":{"line":21,"column":29}}]},"3":{"loc":{"start":{"line":27,"column":22},"end":{"line":27,"column":null}},"type":"cond-expr","locations":[{"start":{"line":27,"column":32},"end":{"line":27,"column":null}},{"start":{"line":27,"column":32},"end":{"line":27,"column":null}}]},"4":{"loc":{"start":{"line":27,"column":22},"end":{"line":27,"column":32}},"type":"binary-expr","locations":[{"start":{"line":27,"column":22},"end":{"line":27,"column":null}},{"start":{"line":27,"column":22},"end":{"line":27,"column":32}}]},"5":{"loc":{"start":{"line":32,"column":23},"end":{"line":32,"column":36}},"type":"cond-expr","locations":[{"start":{"line":32,"column":33},"end":{"line":32,"column":36}},{"start":{"line":32,"column":33},"end":{"line":32,"column":36}}]},"6":{"loc":{"start":{"line":32,"column":23},"end":{"line":32,"column":33}},"type":"binary-expr","locations":[{"start":{"line":32,"column":23},"end":{"line":32,"column":36}},{"start":{"line":32,"column":23},"end":{"line":32,"column":33}}]},"7":{"loc":{"start":{"line":39,"column":50},"end":{"line":39,"column":null}},"type":"cond-expr","locations":[{"start":{"line":39,"column":57},"end":{"line":39,"column":null}},{"start":{"line":39,"column":57},"end":{"line":39,"column":null}}]},"8":{"loc":{"start":{"line":39,"column":50},"end":{"line":39,"column":57}},"type":"binary-expr","locations":[{"start":{"line":39,"column":50},"end":{"line":39,"column":null}},{"start":{"line":39,"column":50},"end":{"line":39,"column":57}}]},"9":{"loc":{"start":{"line":12,"column":44},"end":{"line":12,"column":58}},"type":"cond-expr","locations":[{"start":{"line":12,"column":55},"end":{"line":12,"column":58}},{"start":{"line":12,"column":55},"end":{"line":12,"column":58}}]},"10":{"loc":{"start":{"line":12,"column":44},"end":{"line":12,"column":55}},"type":"binary-expr","locations":[{"start":{"line":12,"column":44},"end":{"line":12,"column":58}},{"start":{"line":12,"column":44},"end":{"line":12,"column":55}}]}},"s":{"0":0,"1":0,"2":0,"3":0,"4":0,"5":0,"6":0,"7":0,"8":0,"9":0,"10":0,"11":0,"12":0,"13":0,"14":0,"15":0,"16":0,"17":0,"18":0,"19":0,"20":0,"21":0,"22":0},"f":{"0":0,"1":0,"2":0,"3":0,"4":0,"5":0},"b":{"0":[0,0],"1":[0,0],"2":[0,0],"3":[0,0],"4":[0,0],"5":[0,0],"6":[0,0],"7":[0,0],"8":[0,0],"9":[0,0],"10":[0,0]}}
,"C:\\Users\\arunk\\Desktop\\AgencyOS\\services\\auth\\src\\modules\\auth\\auth.module.ts": {"path":"C:\\Users\\arunk\\Desktop\\AgencyOS\\services\\auth\\src\\modules\\auth\\auth.module.ts","statementMap":{"0":{"start":{"line":1,"column":0},"end":{"line":1,"column":40}},"1":{"start":{"line":2,"column":0},"end":{"line":2,"column":51}},"2":{"start":{"line":3,"column":0},"end":{"line":3,"column":45}},"3":{"start":{"line":10,"column":7},"end":{"line":10,"column":null}},"4":{"start":{"line":10,"column":13},"end":{"line":10,"column":23}},"5":{"start":{"line":10,"column":13},"end":{"line":10,"column":null}}},"fnMap":{},"branchMap":{},"s":{"0":0,"1":0,"2":0,"3":0,"4":0,"5":0},"f":{},"b":{}}
,"C:\\Users\\arunk\\Desktop\\AgencyOS\\services\\auth\\src\\modules\\auth\\auth.service.ts": {"path":"C:\\Users\\arunk\\Desktop\\AgencyOS\\services\\auth\\src\\modules\\auth\\auth.service.ts","statementMap":{"0":{"start":{"line":1,"column":0},"end":{"line":1,"column":94}},"1":{"start":{"line":2,"column":0},"end":{"line":2,"column":59}},"2":{"start":{"line":5,"column":0},"end":{"line":5,"column":35}},"3":{"start":{"line":6,"column":0},"end":{"line":6,"column":36}},"4":{"start":{"line":7,"column":0},"end":{"line":7,"column":64}},"5":{"start":{"line":11,"column":7},"end":{"line":249,"column":null}},"6":{"start":{"line":12,"column":22},"end":{"line":12,"column":30}},"7":{"start":{"line":15,"column":19},"end":{"line":15,"column":75}},"8":{"start":{"line":16,"column":4},"end":{"line":16,"column":58}},"9":{"start":{"line":20,"column":19},"end":{"line":20,"column":77}},"10":{"start":{"line":21,"column":4},"end":{"line":21,"column":71}},"11":{"start":{"line":26,"column":17},"end":{"line":43,"column":6}},"12":{"start":{"line":45,"column":4},"end":{"line":47,"column":5}},"13":{"start":{"line":46,"column":6},"end":{"line":46,"column":61}},"14":{"start":{"line":50,"column":30},"end":{"line":50,"column":67}},"15":{"start":{"line":51,"column":27},"end":{"line":51,"column":107}},"16":{"start":{"line":53,"column":4},"end":{"line":58,"column":5}},"17":{"start":{"line":54,"column":6},"end":{"line":57,"column":8}},"18":{"start":{"line":61,"column":28},"end":{"line":61,"column":77}},"19":{"start":{"line":62,"column":4},"end":{"line":82,"column":5}},"20":{"start":{"line":64,"column":6},"end":{"line":70,"column":9}},"21":{"start":{"line":73,"column":36},"end":{"line":73,"column":116}},"22":{"start":{"line":74,"column":6},"end":{"line":79,"column":7}},"23":{"start":{"line":75,"column":8},"end":{"line":78,"column":10}},"24":{"start":{"line":81,"column":6},"end":{"line":81,"column":61}},"25":{"start":{"line":85,"column":28},"end":{"line":90,"column":null}},"26":{"start":{"line":88,"column":10},"end":{"line":88,"column":63}},"27":{"start":{"line":88,"column":42},"end":{"line":88,"column":62}},"28":{"start":{"line":93,"column":22},"end":{"line":93,"column":58}},"29":{"start":{"line":93,"column":45},"end":{"line":93,"column":57}},"30":{"start":{"line":95,"column":35},"end":{"line":101,"column":6}},"31":{"start":{"line":104,"column":24},"end":{"line":104,"column":60}},"32":{"start":{"line":105,"column":25},"end":{"line":105,"column":62}},"33":{"start":{"line":108,"column":4},"end":{"line":114,"column":7}},"34":{"start":{"line":117,"column":4},"end":{"line":123,"column":7}},"35":{"start":{"line":125,"column":4},"end":{"line":139,"column":6}},"36":{"start":{"line":143,"column":20},"end":{"line":145,"column":6}},"37":{"start":{"line":147,"column":4},"end":{"line":162,"column":5}},"38":{"start":{"line":149,"column":19},"end":{"line":149,"column":87}},"39":{"start":{"line":150,"column":6},"end":{"line":156,"column":7}},"40":{"start":{"line":151,"column":8},"end":{"line":155,"column":11}},"41":{"start":{"line":159,"column":6},"end":{"line":161,"column":9}},"42":{"start":{"line":164,"column":4},"end":{"line":164,"column":29}},"43":{"start":{"line":169,"column":20},"end":{"line":190,"column":6}},"44":{"start":{"line":192,"column":4},"end":{"line":194,"column":5}},"45":{"start":{"line":193,"column":6},"end":{"line":193,"column":74}},"46":{"start":{"line":196,"column":17},"end":{"line":196,"column":29}},"47":{"start":{"line":199,"column":28},"end":{"line":204,"column":null}},"48":{"start":{"line":202,"column":10},"end":{"line":202,"column":63}},"49":{"start":{"line":202,"column":42},"end":{"line":202,"column":62}},"50":{"start":{"line":207,"column":22},"end":{"line":207,"column":58}},"51":{"start":{"line":207,"column":45},"end":{"line":207,"column":57}},"52":{"start":{"line":209,"column":35},"end":{"line":215,"column":6}},"53":{"start":{"line":218,"column":4},"end":{"line":218,"column":73}},"54":{"start":{"line":220,"column":27},"end":{"line":220,"column":63}},"55":{"start":{"line":221,"column":28},"end":{"line":221,"column":65}},"56":{"start":{"line":223,"column":4},"end":{"line":229,"column":7}},"57":{"start":{"line":232,"column":4},"end":{"line":238,"column":7}},"58":{"start":{"line":240,"column":4},"end":{"line":243,"column":6}},"59":{"start":{"line":247,"column":4},"end":{"line":247,"column":67}},"60":{"start":{"line":11,"column":13},"end":{"line":11,"column":24}},"61":{"start":{"line":11,"column":13},"end":{"line":249,"column":null}}},"fnMap":{"0":{"name":"(anonymous_11)","decl":{"start":{"line":12,"column":2},"end":{"line":12,"column":22}},"loc":{"start":{"line":12,"column":43},"end":{"line":12,"column":47}}},"1":{"name":"(anonymous_12)","decl":{"start":{"line":14,"column":10},"end":{"line":14,"column":29}},"loc":{"start":{"line":14,"column":49},"end":{"line":17,"column":3}}},"2":{"name":"(anonymous_13)","decl":{"start":{"line":19,"column":10},"end":{"line":19,"column":30}},"loc":{"start":{"line":19,"column":50},"end":{"line":22,"column":3}}},"3":{"name":"(anonymous_14)","decl":{"start":{"line":24,"column":2},"end":{"line":24,"column":7}},"loc":{"start":{"line":24,"column":67},"end":{"line":140,"column":3}}},"4":{"name":"(anonymous_15)","decl":{"start":{"line":87,"column":27},"end":{"line":87,"column":28}},"loc":{"start":{"line":88,"column":10},"end":{"line":88,"column":63}}},"5":{"name":"(anonymous_16)","decl":{"start":{"line":88,"column":34},"end":{"line":88,"column":35}},"loc":{"start":{"line":88,"column":42},"end":{"line":88,"column":62}}},"6":{"name":"(anonymous_17)","decl":{"start":{"line":93,"column":37},"end":{"line":93,"column":38}},"loc":{"start":{"line":93,"column":45},"end":{"line":93,"column":57}}},"7":{"name":"(anonymous_18)","decl":{"start":{"line":142,"column":2},"end":{"line":142,"column":7}},"loc":{"start":{"line":142,"column":41},"end":{"line":165,"column":3}}},"8":{"name":"(anonymous_19)","decl":{"start":{"line":167,"column":2},"end":{"line":167,"column":7}},"loc":{"start":{"line":167,"column":71},"end":{"line":244,"column":3}}},"9":{"name":"(anonymous_20)","decl":{"start":{"line":201,"column":27},"end":{"line":201,"column":28}},"loc":{"start":{"line":202,"column":10},"end":{"line":202,"column":63}}},"10":{"name":"(anonymous_21)","decl":{"start":{"line":202,"column":34},"end":{"line":202,"column":35}},"loc":{"start":{"line":202,"column":42},"end":{"line":202,"column":62}}},"11":{"name":"(anonymous_22)","decl":{"start":{"line":207,"column":37},"end":{"line":207,"column":38}},"loc":{"start":{"line":207,"column":45},"end":{"line":207,"column":57}}},"12":{"name":"(anonymous_23)","decl":{"start":{"line":246,"column":2},"end":{"line":246,"column":7}},"loc":{"start":{"line":246,"column":38},"end":{"line":248,"column":3}}}},"branchMap":{"0":{"loc":{"start":{"line":15,"column":19},"end":{"line":15,"column":75}},"type":"binary-expr","locations":[{"start":{"line":15,"column":19},"end":{"line":15,"column":48}},{"start":{"line":15,"column":52},"end":{"line":15,"column":75}}]},"1":{"loc":{"start":{"line":20,"column":19},"end":{"line":20,"column":77}},"type":"binary-expr","locations":[{"start":{"line":20,"column":19},"end":{"line":20,"column":49}},{"start":{"line":20,"column":53},"end":{"line":20,"column":77}}]},"2":{"loc":{"start":{"line":45,"column":4},"end":{"line":47,"column":5}},"type":"if","locations":[{"start":{"line":45,"column":4},"end":{"line":47,"column":5}},{"start":{},"end":{}}]},"3":{"loc":{"start":{"line":53,"column":4},"end":{"line":58,"column":5}},"type":"if","locations":[{"start":{"line":53,"column":4},"end":{"line":58,"column":5}},{"start":{},"end":{}}]},"4":{"loc":{"start":{"line":62,"column":4},"end":{"line":82,"column":5}},"type":"if","locations":[{"start":{"line":62,"column":4},"end":{"line":82,"column":5}},{"start":{},"end":{}}]},"5":{"loc":{"start":{"line":74,"column":6},"end":{"line":79,"column":7}},"type":"if","locations":[{"start":{"line":74,"column":6},"end":{"line":79,"column":7}},{"start":{},"end":{}}]},"6":{"loc":{"start":{"line":147,"column":4},"end":{"line":162,"column":5}},"type":"if","locations":[{"start":{"line":147,"column":4},"end":{"line":162,"column":5}},{"start":{},"end":{}}]},"7":{"loc":{"start":{"line":150,"column":6},"end":{"line":156,"column":7}},"type":"if","locations":[{"start":{"line":150,"column":6},"end":{"line":156,"column":7}},{"start":{},"end":{}}]},"8":{"loc":{"start":{"line":192,"column":4},"end":{"line":194,"column":5}},"type":"if","locations":[{"start":{"line":192,"column":4},"end":{"line":194,"column":5}},{"start":{},"end":{}}]},"9":{"loc":{"start":{"line":192,"column":8},"end":{"line":192,"column":50}},"type":"binary-expr","locations":[{"start":{"line":192,"column":8},"end":{"line":192,"column":16}},{"start":{"line":192,"column":20},"end":{"line":192,"column":50}}]},"10":{"loc":{"start":{"line":12,"column":30},"end":{"line":12,"column":46}},"type":"cond-expr","locations":[{"start":{"line":12,"column":43},"end":{"line":12,"column":46}},{"start":{"line":12,"column":43},"end":{"line":12,"column":46}}]},"11":{"loc":{"start":{"line":12,"column":30},"end":{"line":12,"column":43}},"type":"binary-expr","locations":[{"start":{"line":12,"column":30},"end":{"line":12,"column":46}},{"start":{"line":12,"column":30},"end":{"line":12,"column":43}}]}},"s":{"0":1,"1":1,"2":1,"3":1,"4":1,"5":1,"6":3,"7":1,"8":1,"9":1,"10":1,"11":3,"12":3,"13":1,"14":2,"15":2,"16":2,"17":0,"18":2,"19":2,"20":1,"21":1,"22":1,"23":0,"24":1,"25":1,"26":0,"27":0,"28":1,"29":0,"30":1,"31":1,"32":1,"33":1,"34":1,"35":1,"36":0,"37":0,"38":0,"39":0,"40":0,"41":0,"42":0,"43":0,"44":0,"45":0,"46":0,"47":0,"48":0,"49":0,"50":0,"51":0,"52":0,"53":0,"54":0,"55":0,"56":0,"57":0,"58":0,"59":0,"60":1,"61":1},"f":{"0":3,"1":1,"2":1,"3":3,"4":0,"5":0,"6":0,"7":0,"8":0,"9":0,"10":0,"11":0,"12":0},"b":{"0":[1,0],"1":[1,0],"2":[1,2],"3":[0,2],"4":[1,1],"5":[0,1],"6":[0,0],"7":[0,0],"8":[0,0],"9":[0,0],"10":[1,0],"11":[1,1]}}
,"C:\\Users\\arunk\\Desktop\\AgencyOS\\services\\auth\\src\\modules\\auth\\dto\\login.dto.ts": {"path":"C:\\Users\\arunk\\Desktop\\AgencyOS\\services\\auth\\src\\modules\\auth\\dto\\login.dto.ts","statementMap":{"0":{"start":{"line":1,"column":0},"end":{"line":1,"column":75}},"1":{"start":{"line":3,"column":0},"end":{"line":3,"column":13}},"2":{"start":{"line":5,"column":2},"end":{"line":5,"column":null}},"3":{"start":{"line":10,"column":2},"end":{"line":10,"column":null}}},"fnMap":{},"branchMap":{},"s":{"0":0,"1":0,"2":0,"3":0},"f":{},"b":{}}
,"C:\\Users\\arunk\\Desktop\\AgencyOS\\services\\auth\\src\\modules\\auth\\dto\\refresh.dto.ts": {"path":"C:\\Users\\arunk\\Desktop\\AgencyOS\\services\\auth\\src\\modules\\auth\\dto\\refresh.dto.ts","statementMap":{"0":{"start":{"line":1,"column":0},"end":{"line":1,"column":55}},"1":{"start":{"line":3,"column":0},"end":{"line":3,"column":13}},"2":{"start":{"line":6,"column":2},"end":{"line":6,"column":null}}},"fnMap":{},"branchMap":{},"s":{"0":0,"1":0,"2":0},"f":{},"b":{}}
,"C:\\Users\\arunk\\Desktop\\AgencyOS\\services\\auth\\src\\modules\\automation\\automation.controller.ts": {"path":"C:\\Users\\arunk\\Desktop\\AgencyOS\\services\\auth\\src\\modules\\automation\\automation.controller.ts","statementMap":{"0":{"start":{"line":1,"column":0},"end":{"line":1,"column":91}},"1":{"start":{"line":2,"column":0},"end":{"line":2,"column":57}},"2":{"start":{"line":3,"column":0},"end":{"line":3,"column":62}},"3":{"start":{"line":4,"column":0},"end":{"line":4,"column":62}},"4":{"start":{"line":5,"column":0},"end":{"line":5,"column":61}},"5":{"start":{"line":6,"column":0},"end":{"line":6,"column":56}},"6":{"start":{"line":7,"column":0},"end":{"line":7,"column":78}},"7":{"start":{"line":11,"column":7},"end":{"line":55,"column":null}},"8":{"start":{"line":12,"column":31},"end":{"line":12,"column":50}},"9":{"start":{"line":17,"column":4},"end":{"line":17,"column":85}},"10":{"start":{"line":23,"column":4},"end":{"line":23,"column":67}},"11":{"start":{"line":29,"column":4},"end":{"line":29,"column":71}},"12":{"start":{"line":35,"column":4},"end":{"line":35,"column":89}},"13":{"start":{"line":41,"column":4},"end":{"line":41,"column":76}},"14":{"start":{"line":47,"column":4},"end":{"line":47,"column":77}},"15":{"start":{"line":53,"column":4},"end":{"line":53,"column":71}},"16":{"start":{"line":11,"column":13},"end":{"line":11,"column":33}},"17":{"start":{"line":16,"column":2},"end":{"line":18,"column":null}},"18":{"start":{"line":22,"column":2},"end":{"line":24,"column":null}},"19":{"start":{"line":28,"column":2},"end":{"line":30,"column":null}},"20":{"start":{"line":34,"column":2},"end":{"line":36,"column":null}},"21":{"start":{"line":40,"column":2},"end":{"line":42,"column":null}},"22":{"start":{"line":46,"column":2},"end":{"line":48,"column":null}},"23":{"start":{"line":52,"column":2},"end":{"line":54,"column":null}},"24":{"start":{"line":11,"column":13},"end":{"line":55,"column":null}}},"fnMap":{"0":{"name":"(anonymous_4)","decl":{"start":{"line":12,"column":2},"end":{"line":12,"column":31}},"loc":{"start":{"line":12,"column":67},"end":{"line":12,"column":71}}},"1":{"name":"(anonymous_5)","decl":{"start":{"line":16,"column":2},"end":{"line":16,"column":8}},"loc":{"start":{"line":16,"column":65},"end":{"line":18,"column":3}}},"2":{"name":"(anonymous_6)","decl":{"start":{"line":22,"column":2},"end":{"line":22,"column":9}},"loc":{"start":{"line":22,"column":20},"end":{"line":24,"column":3}}},"3":{"name":"(anonymous_7)","decl":{"start":{"line":28,"column":2},"end":{"line":28,"column":9}},"loc":{"start":{"line":28,"column":45},"end":{"line":30,"column":3}}},"4":{"name":"(anonymous_8)","decl":{"start":{"line":34,"column":2},"end":{"line":34,"column":8}},"loc":{"start":{"line":34,"column":90},"end":{"line":36,"column":3}}},"5":{"name":"(anonymous_9)","decl":{"start":{"line":40,"column":2},"end":{"line":40,"column":14}},"loc":{"start":{"line":40,"column":50},"end":{"line":42,"column":3}}},"6":{"name":"(anonymous_10)","decl":{"start":{"line":46,"column":2},"end":{"line":46,"column":15}},"loc":{"start":{"line":46,"column":51},"end":{"line":48,"column":3}}},"7":{"name":"(anonymous_11)","decl":{"start":{"line":52,"column":2},"end":{"line":52,"column":9}},"loc":{"start":{"line":52,"column":45},"end":{"line":54,"column":3}}}},"branchMap":{"0":{"loc":{"start":{"line":16,"column":48},"end":{"line":16,"column":null}},"type":"cond-expr","locations":[{"start":{"line":16,"column":65},"end":{"line":16,"column":null}},{"start":{"line":16,"column":65},"end":{"line":16,"column":null}}]},"1":{"loc":{"start":{"line":16,"column":48},"end":{"line":16,"column":65}},"type":"binary-expr","locations":[{"start":{"line":16,"column":48},"end":{"line":16,"column":null}},{"start":{"line":16,"column":48},"end":{"line":16,"column":65}}]},"2":{"loc":{"start":{"line":34,"column":73},"end":{"line":34,"column":null}},"type":"cond-expr","locations":[{"start":{"line":34,"column":90},"end":{"line":34,"column":null}},{"start":{"line":34,"column":90},"end":{"line":34,"column":null}}]},"3":{"loc":{"start":{"line":34,"column":73},"end":{"line":34,"column":90}},"type":"binary-expr","locations":[{"start":{"line":34,"column":73},"end":{"line":34,"column":null}},{"start":{"line":34,"column":73},"end":{"line":34,"column":90}}]},"4":{"loc":{"start":{"line":12,"column":50},"end":{"line":12,"column":70}},"type":"cond-expr","locations":[{"start":{"line":12,"column":67},"end":{"line":12,"column":70}},{"start":{"line":12,"column":67},"end":{"line":12,"column":70}}]},"5":{"loc":{"start":{"line":12,"column":50},"end":{"line":12,"column":67}},"type":"binary-expr","locations":[{"start":{"line":12,"column":50},"end":{"line":12,"column":70}},{"start":{"line":12,"column":50},"end":{"line":12,"column":67}}]}},"s":{"0":0,"1":0,"2":0,"3":0,"4":0,"5":0,"6":0,"7":0,"8":0,"9":0,"10":0,"11":0,"12":0,"13":0,"14":0,"15":0,"16":0,"17":0,"18":0,"19":0,"20":0,"21":0,"22":0,"23":0,"24":0},"f":{"0":0,"1":0,"2":0,"3":0,"4":0,"5":0,"6":0,"7":0},"b":{"0":[0,0],"1":[0,0],"2":[0,0],"3":[0,0],"4":[0,0],"5":[0,0]}}
,"C:\\Users\\arunk\\Desktop\\AgencyOS\\services\\auth\\src\\modules\\automation\\automation.module.ts": {"path":"C:\\Users\\arunk\\Desktop\\AgencyOS\\services\\auth\\src\\modules\\automation\\automation.module.ts","statementMap":{"0":{"start":{"line":1,"column":0},"end":{"line":1,"column":40}},"1":{"start":{"line":2,"column":0},"end":{"line":2,"column":57}},"2":{"start":{"line":3,"column":0},"end":{"line":3,"column":63}},"3":{"start":{"line":4,"column":0},"end":{"line":4,"column":73}},"4":{"start":{"line":5,"column":0},"end":{"line":5,"column":70}},"5":{"start":{"line":6,"column":0},"end":{"line":6,"column":71}},"6":{"start":{"line":7,"column":0},"end":{"line":7,"column":61}},"7":{"start":{"line":19,"column":7},"end":{"line":19,"column":null}},"8":{"start":{"line":19,"column":13},"end":{"line":19,"column":29}},"9":{"start":{"line":19,"column":13},"end":{"line":19,"column":null}}},"fnMap":{},"branchMap":{},"s":{"0":0,"1":0,"2":0,"3":0,"4":0,"5":0,"6":0,"7":0,"8":0,"9":0},"f":{},"b":{}}
,"C:\\Users\\arunk\\Desktop\\AgencyOS\\services\\auth\\src\\modules\\automation\\automation.service.ts": {"path":"C:\\Users\\arunk\\Desktop\\AgencyOS\\services\\auth\\src\\modules\\automation\\automation.service.ts","statementMap":{"0":{"start":{"line":1,"column":0},"end":{"line":1,"column":63}},"1":{"start":{"line":2,"column":0},"end":{"line":2,"column":59}},"2":{"start":{"line":3,"column":0},"end":{"line":3,"column":75}},"3":{"start":{"line":5,"column":0},"end":{"line":5,"column":73}},"4":{"start":{"line":8,"column":7},"end":{"line":83,"column":null}},"5":{"start":{"line":10,"column":21},"end":{"line":10,"column":25}},"6":{"start":{"line":11,"column":21},"end":{"line":11,"column":37}},"7":{"start":{"line":15,"column":4},"end":{"line":20,"column":7}},"8":{"start":{"line":24,"column":4},"end":{"line":33,"column":7}},"9":{"start":{"line":37,"column":21},"end":{"line":45,"column":6}},"10":{"start":{"line":46,"column":4},"end":{"line":46,"column":69}},"11":{"start":{"line":46,"column":19},"end":{"line":46,"column":69}},"12":{"start":{"line":47,"column":4},"end":{"line":47,"column":20}},"13":{"start":{"line":51,"column":4},"end":{"line":51,"column":43}},"14":{"start":{"line":52,"column":4},"end":{"line":55,"column":7}},"15":{"start":{"line":59,"column":21},"end":{"line":59,"column":59}},"16":{"start":{"line":60,"column":4},"end":{"line":63,"column":7}},"17":{"start":{"line":67,"column":21},"end":{"line":67,"column":59}},"18":{"start":{"line":68,"column":4},"end":{"line":70,"column":5}},"19":{"start":{"line":69,"column":6},"end":{"line":69,"column":73}},"20":{"start":{"line":72,"column":4},"end":{"line":72,"column":93}},"21":{"start":{"line":73,"column":4},"end":{"line":73,"column":58}},"22":{"start":{"line":77,"column":4},"end":{"line":77,"column":43}},"23":{"start":{"line":78,"column":4},"end":{"line":81,"column":7}},"24":{"start":{"line":8,"column":13},"end":{"line":8,"column":30}},"25":{"start":{"line":8,"column":13},"end":{"line":83,"column":null}}},"fnMap":{"0":{"name":"(anonymous_2)","decl":{"start":{"line":9,"column":2},"end":{"line":9,"column":null}},"loc":{"start":{"line":11,"column":58},"end":{"line":12,"column":6}}},"1":{"name":"(anonymous_3)","decl":{"start":{"line":14,"column":2},"end":{"line":14,"column":7}},"loc":{"start":{"line":14,"column":75},"end":{"line":21,"column":3}}},"2":{"name":"(anonymous_4)","decl":{"start":{"line":23,"column":2},"end":{"line":23,"column":7}},"loc":{"start":{"line":23,"column":38},"end":{"line":34,"column":3}}},"3":{"name":"(anonymous_5)","decl":{"start":{"line":36,"column":2},"end":{"line":36,"column":7}},"loc":{"start":{"line":36,"column":50},"end":{"line":48,"column":3}}},"4":{"name":"(anonymous_6)","decl":{"start":{"line":50,"column":2},"end":{"line":50,"column":7}},"loc":{"start":{"line":50,"column":87},"end":{"line":56,"column":3}}},"5":{"name":"(anonymous_7)","decl":{"start":{"line":58,"column":2},"end":{"line":58,"column":7}},"loc":{"start":{"line":58,"column":55},"end":{"line":64,"column":3}}},"6":{"name":"(anonymous_8)","decl":{"start":{"line":66,"column":2},"end":{"line":66,"column":7}},"loc":{"start":{"line":66,"column":56},"end":{"line":74,"column":3}}},"7":{"name":"(anonymous_9)","decl":{"start":{"line":76,"column":2},"end":{"line":76,"column":7}},"loc":{"start":{"line":76,"column":50},"end":{"line":82,"column":3}}}},"branchMap":{"0":{"loc":{"start":{"line":46,"column":4},"end":{"line":46,"column":69}},"type":"if","locations":[{"start":{"line":46,"column":4},"end":{"line":46,"column":69}},{"start":{},"end":{}}]},"1":{"loc":{"start":{"line":68,"column":4},"end":{"line":70,"column":5}},"type":"if","locations":[{"start":{"line":68,"column":4},"end":{"line":70,"column":5}},{"start":{},"end":{}}]},"2":{"loc":{"start":{"line":10,"column":25},"end":{"line":10,"colu
[...]
,"C:\\Users\\arunk\\Desktop\\AgencyOS\\services\\auth\\src\\modules\\projects\\projects\\dto\\update-project.dto.ts": {"path":"C:\\Users\\arunk\\Desktop\\AgencyOS\\services\\auth\\src\\modules\\projects\\projects\\dto\\update-project.dto.ts","statementMap":{"0":{"start":{"line":1,"column":0},"end":{"line":1,"column":87}},"1":{"start":{"line":2,"column":0},"end":{"line":2,"column":47}},"2":{"start":{"line":4,"column":0},"end":{"line":4,"column":13}},"3":{"start":{"line":7,"column":2},"end":{"line":7,"column":null}},"4":{"start":{"line":11,"column":2},"end":{"line":11,"column":null}},"5":{"start":{"line":15,"column":2},"end":{"line":15,"column":null}},"6":{"start":{"line":19,"column":2},"end":{"line":19,"column":null}},"7":{"start":{"line":23,"column":2},"end":{"line":23,"column":null}},"8":{"start":{"line":27,"column":2},"end":{"line":27,"column":null}}},"fnMap":{},"branchMap":{"0":{"loc":{"start":{"line":15,"column":11},"end":{"line":15,"column":25}},"type":"cond-expr","locations":[{"start":{"line":15,"column":24},"end":{"line":15,"column":25}},{"start":{"line":15,"column":24},"end":{"line":15,"column":25}}]},"1":{"loc":{"start":{"line":15,"column":11},"end":{"line":15,"column":24}},"type":"binary-expr","locations":[{"start":{"line":15,"column":11},"end":{"line":15,"column":25}},{"start":{"line":15,"column":11},"end":{"line":15,"column":24}}]}},"s":{"0":0,"1":0,"2":0,"3":0,"4":0,"5":0,"6":0,"7":0,"8":0},"f":{},"b":{"0":[0,0],"1":[0,0]}}
,"C:\\Users\\arunk\\Desktop\\AgencyOS\\services\\auth\\src\\modules\\stubs\\invoices.service.ts": {"path":"C:\\Users\\arunk\\Desktop\\AgencyOS\\services\\auth\\src\\modules\\stubs\\invoices.service.ts","statementMap":{"0":{"start":{"line":1,"column":0},"end":{"line":1,"column":65}},"1":{"start":{"line":2,"column":0},"end":{"line":2,"column":59}},"2":{"start":{"line":5,"column":7},"end":{"line":43,"column":null}},"3":{"start":{"line":6,"column":31},"end":{"line":6,"column":35}},"4":{"start":{"line":10,"column":21},"end":{"line":10,"column":39}},"5":{"start":{"line":11,"column":18},"end":{"line":11,"column":33}},"6":{"start":{"line":13,"column":4},"end":{"line":19,"column":7}},"7":{"start":{"line":23,"column":20},"end":{"line":23,"column":71}},"8":{"start":{"line":24,"column":4},"end":{"line":24,"column":69}},"9":{"start":{"line":24,"column":18},"end":{"line":24,"column":69}},"10":{"start":{"line":27,"column":17},"end":{"line":27,"column":31}},"11":{"start":{"line":30,"column":18},"end":{"line":30,"column":39}},"12":{"start":{"line":32,"column":4},"end":{"line":36,"column":5}},"13":{"start":{"line":33,"column":6},"end":{"line":33,"column":22}},"14":{"start":{"line":34,"column":11},"end":{"line":36,"column":5}},"15":{"start":{"line":35,"column":6},"end":{"line":35,"column":32}},"16":{"start":{"line":38,"column":4},"end":{"line":41,"column":7}},"17":{"start":{"line":5,"column":13},"end":{"line":5,"column":28}},"18":{"start":{"line":5,"column":13},"end":{"line":43,"column":null}}},"fnMap":{"0":{"name":"(anonymous_2)","decl":{"start":{"line":6,"column":2},"end":{"line":6,"column":31}},"loc":{"start":{"line":6,"column":48},"end":{"line":6,"column":52}}},"1":{"name":"(anonymous_3)","decl":{"start":{"line":8,"column":2},"end":{"line":8,"column":7}},"loc":{"start":{"line":8,"column":31},"end":{"line":20,"column":3}}},"2":{"name":"(anonymous_4)","decl":{"start":{"line":22,"column":2},"end":{"line":22,"column":7}},"loc":{"start":{"line":22,"column":52},"end":{"line":42,"column":3}}}},"branchMap":{"0":{"loc":{"start":{"line":10,"column":21},"end":{"line":10,"column":39}},"type":"binary-expr","locations":[{"start":{"line":10,"column":21},"end":{"line":10,"column":34}},{"start":{"line":10,"column":38},"end":{"line":10,"column":39}}]},"1":{"loc":{"start":{"line":24,"column":4},"end":{"line":24,"column":69}},"type":"if","locations":[{"start":{"line":24,"column":4},"end":{"line":24,"column":69}},{"start":{},"end":{}}]},"2":{"loc":{"start":{"line":32,"column":4},"end":{"line":36,"column":5}},"type":"if","locations":[{"start":{"line":32,"column":4},"end":{"line":36,"column":5}},{"start":{"line":34,"column":11},"end":{"line":36,"column":5}}]},"3":{"loc":{"start":{"line":34,"column":11},"end":{"line":36,"column":5}},"type":"if","locations":[{"start":{"line":34,"column":11},"end":{"line":36,"column":5}},{"start":{},"end":{}}]},"4":{"loc":{"start":{"line":6,"column":35},"end":{"line":6,"column":51}},"type":"cond-expr","locations":[{"start":{"line":6,"column":48},"end":{"line":6,"column":51}},{"start":{"line":6,"column":48},"end":{"line":6,"column":51}}]},"5":{"loc":{"start":{"line":6,"column":35},"end":{"line":6,"column":48}},"type":"binary-expr","locations":[{"start":{"line":6,"column":35},"end":{"line":6,"column":51}},{"start":{"line":6,"column":35},"end":{"line":6,"column":48}}]}},"s":{"0":1,"1":1,"2":1,"3":1,"4":1,"5":1,"6":1,"7":0,"8":0,"9":0,"10":0,"11":0,"12":0,"13":0,"14":0,"15":0,"16":0,"17":1,"18":1},"f":{"0":1,"1":1,"2":0},"b":{"0":[1,0],"1":[0,0],"2":[0,0],"3":[0,0],"4":[1,0],"5":[1,1]}}
,"C:\\Users\\arunk\\Desktop\\AgencyOS\\services\\auth\\src\\modules\\stubs\\leads.service.ts": {"path":"C:\\Users\\arunk\\Desktop\\AgencyOS\\services\\auth\\src\\modules\\stubs\\leads.service.ts","statementMap":{"0":{"start":{"line":1,"column":0},"end":{"line":1,"column":65}},"1":{"start":{"line":2,"column":0},"end":{"line":2,"column":59}},"2":{"start":{"line":5,"column":7},"end":{"line":40,"column":null}},"3":{"start":{"line":6,"column":31},"end":{"line":6,"column":35}},"4":{"start":{"line":9,"column":4},"end":{"line":9,"column":41}},"5":{"start":{"line":13,"column":4},"end":{"line":16,"column":7}},"6":{"start":{"line":20,"column":17},"end":{"line":20,"column":65}},"7":{"start":{"line":21,"column":4},"end":{"line":21,"column":63}},"8":{"start":{"line":21,"column":15},"end":{"line":21,"column":63}},"9":{"start":{"line":23,"column":19},"end":{"line":31,"column":6}},"10":{"start":{"line":33,"column":4},"end":{"line":36,"column":7}},"11":{"start":{"line":38,"column":4},"end":{"line":38,"column":18}},"12":{"start":{"line":5,"column":13},"end":{"line":5,"column":25}},"13":{"start":{"line":5,"column":13},"end":{"line":40,"column":null}}},"fnMap":{"0":{"name":"(anonymous_2)","decl":{"start":{"line":6,"column":2},"end":{"line":6,"column":31}},"loc":{"start":{"line":6,"column":48},"end":{"line":6,"column":52}}},"1":{"name":"(anonymous_3)","decl":{"start":{"line":8,"column":2},"end":{"line":8,"column":7}},"loc":{"start":{"line":8,"column":28},"end":{"line":10,"column":3}}},"2":{"name":"(anonymous_4)","decl":{"start":{"line":12,"column":2},"end":{"line":12,"column":7}},"loc":{"start":{"line":12,"column":46},"end":{"line":17,"column":3}}},"3":{"name":"(anonymous_5)","decl":{"start":{"line":19,"column":2},"end":{"line":19,"column":7}},"loc":{"start":{"line":19,"column":34},"end":{"line":39,"column":3}}}},"branchMap":{"0":{"loc":{"start":{"line":21,"column":4},"end":{"line":21,"column":63}},"type":"if","locations":[{"start":{"line":21,"column":4},"end":{"line":21,"column":63}},{"start":{},"end":{}}]},"1":{"loc":{"start":{"line":6,"column":35},"end":{"line":6,"column":51}},"type":"cond-expr","locations":[{"start":{"line":6,"column":48},"end":{"line":6,"column":51}},{"start":{"line":6,"column":48},"end":{"line":6,"column":51}}]},"2":{"loc":{"start":{"line":6,"column":35},"end":{"line":6,"column":48}},"type":"binary-expr","locations":[{"start":{"line":6,"column":35},"end":{"line":6,"column":51}},{"start":{"line":6,"column":35},"end":{"line":6,"column":48}}]}},"s":{"0":1,"1":1,"2":1,"3":1,"4":0,"5":0,"6":1,"7":1,"8":0,"9":1,"10":1,"11":1,"12":1,"13":1},"f":{"0":1,"1":0,"2":0,"3":1},"b":{"0":[0,1],"1":[1,0],"2":[1,1]}}
,"C:\\Users\\arunk\\Desktop\\AgencyOS\\services\\auth\\src\\modules\\stubs\\payslips.service.ts": {"path":"C:\\Users\\arunk\\Desktop\\AgencyOS\\services\\auth\\src\\modules\\stubs\\payslips.service.ts","statementMap":{"0":{"start":{"line":1,"column":0},"end":{"line":1,"column":44}},"1":{"start":{"line":2,"column":0},"end":{"line":2,"column":59}},"2":{"start":{"line":5,"column":7},"end":{"line":27,"column":null}},"3":{"start":{"line":6,"column":31},"end":{"line":6,"column":35}},"4":{"start":{"line":10,"column":18},"end":{"line":10,"column":39}},"5":{"start":{"line":11,"column":14},"end":{"line":11,"column":15}},"6":{"start":{"line":13,"column":4},"end":{"line":15,"column":5}},"7":{"start":{"line":14,"column":6},"end":{"line":14,"column":25}},"8":{"start":{"line":17,"column":16},"end":{"line":17,"column":27}},"9":{"start":{"line":19,"column":4},"end":{"line":25,"column":7}},"10":{"start":{"line":5,"column":13},"end":{"line":5,"column":28}},"11":{"start":{"line":5,"column":13},"end":{"line":27,"column":null}}},"fnMap":{"0":{"name":"(anonymous_2)","decl":{"start":{"line":6,"column":2},"end":{"line":6,"column":31}},"loc":{"start":{"line":6,"column":48},"end":{"line":6,"column":52}}},"1":{"name":"(anonymous_3)","decl":{"start":{"line":8,"column":2},"end":{"line":8,"column":7}},"loc":{"start":{"line":8,"column":33},"end":{"line":26,"column":3}}}},"branchMap":{"0":{"loc":{"start":{"line":10,"column":18},"end":{"line":10,"column":39}},"type":"binary-expr","locations":[{"start":{"line":10,"column":18},"end":{"line":10,"column":34}},{"start":{"line":10,"column":38},"end":{"line":10,"column":39}}]},"1":{"loc":{"start":{"line":13,"column":4},"end":{"line":15,"column":5}},"type":"if","locations":[{"start":{"line":13,"column":4},"end":{"line":15,"column":5}},{"start":{},"end":{}}]},"2":{"loc":{"start":{"line":6,"column":35},"end":{"line":6,"column":51}},"type":"cond-expr","locations":[{"start":{"line":6,"column":48},"end":{"line":6,"column":51}},{"start":{"line":6,"column":48},"end":{"line":6,"column":51}}]},"3":{"loc":{"start":{"line":6,"column":35},"end":{"line":6,"column":48}},"type":"binary-expr","locations":[{"start":{"line":6,"column":35},"end":{"line":6,"column":51}},{"start":{"line":6,"column":35},"end":{"line":6,"column":48}}]}},"s":{"0":1,"1":1,"2":1,"3":1,"4":1,"5":1,"6":1,"7":1,"8":1,"9":1,"10":1,"11":1},"f":{"0":1,"1":1},"b":{"0":[1,0],"1":[1,0],"2":[1,0],"3":[1,1]}}
,"C:\\Users\\arunk\\Desktop\\AgencyOS\\services\\auth\\src\\modules\\stubs\\stubs.controller.ts": {"path":"C:\\Users\\arunk\\Desktop\\AgencyOS\\services\\auth\\src\\modules\\stubs\\stubs.controller.ts","statementMap":{"0":{"start":{"line":1,"column":0},"end":{"line":1,"column":81}},"1":{"start":{"line":2,"column":0},"end":{"line":2,"column":47}},"2":{"start":{"line":3,"column":0},"end":{"line":3,"column":53}},"3":{"start":{"line":4,"column":0},"end":{"line":4,"column":47}},"4":{"start":{"line":5,"column":0},"end":{"line":5,"column":53}},"5":{"start":{"line":6,"column":0},"end":{"line":6,"column":61}},"6":{"start":{"line":7,"column":0},"end":{"line":7,"column":56}},"7":{"start":{"line":8,"column":0},"end":{"line":8,"column":78}},"8":{"start":{"line":12,"column":7},"end":{"line":64,"column":null}},"9":{"start":{"line":14,"column":21},"end":{"line":14,"column":35}},"10":{"start":{"line":15,"column":21},"end":{"line":15,"column":38}},"11":{"start":{"line":16,"column":21},"end":{"line":16,"column":35}},"12":{"start":{"line":17,"column":21},"end":{"line":17,"column":38}},"13":{"start":{"line":24,"column":4},"end":{"line":24,"column":46}},"14":{"start":{"line":30,"column":4},"end":{"line":30,"column":55}},"15":{"start":{"line":36,"column":4},"end":{"line":36,"column":49}},"16":{"start":{"line":43,"column":4},"end":{"line":43,"column":52}},"17":{"start":{"line":49,"column":4},"end":{"line":49,"column":63}},"18":{"start":{"line":56,"column":4},"end":{"line":56,"column":68}},"19":{"start":{"line":62,"column":4},"end":{"line":62,"column":67}},"20":{"start":{"line":12,"column":13},"end":{"line":12,"column":28}},"21":{"start":{"line":23,"column":2},"end":{"line":25,"column":null}},"22":{"start":{"line":29,"column":2},"end":{"line":31,"column":null}},"23":{"start":{"line":35,"column":2},"end":{"line":37,"column":null}},"24":{"start":{"line":42,"column":2},"end":{"line":44,"column":null}},"25":{"start":{"line":48,"column":2},"end":{"line":50,"column":null}},"26":{"start":{"line":55,"column":2},"end":{"line":57,"column":null}},"27":{"start":{"line":61,"column":2},"end":{"line":63,"column":null}},"28":{"start":{"line":12,"column":13},"end":{"line":64,"column":null}}},"fnMap":{"0":{"name":"(anonymous_4)","decl":{"start":{"line":13,"column":2},"end":{"line":13,"column":null}},"loc":{"start":{"line":17,"column":53},"end":{"line":18,"column":6}}},"1":{"name":"(anonymous_5)","decl":{"start":{"line":23,"column":2},"end":{"line":23,"column":12}},"loc":{"start":{"line":23,"column":30},"end":{"line":25,"column":3}}},"2":{"name":"(anonymous_6)","decl":{"start":{"line":29,"column":2},"end":{"line":29,"column":15}},"loc":{"start":{"line":29,"column":58},"end":{"line":31,"column":3}}},"3":{"name":"(anonymous_7)","decl":{"start":{"line":35,"column":2},"end":{"line":35,"column":13}},"loc":{"start":{"line":35,"column":37},"end":{"line":37,"column":3}}},"4":{"name":"(anonymous_8)","decl":{"start":{"line":42,"column":2},"end":{"line":42,"column":15}},"loc":{"start":{"line":42,"column":33},"end":{"line":44,"column":3}}},"5":{"name":"(anonymous_9)","decl":{"start":{"line":48,"column":2},"end":{"line":48,"column":15}},"loc":{"start":{"line":48,"column":58},"end":{"line":50,"column":3}}},"6":{"name":"(anonymous_10)","decl":{"start":{"line":55,"column":2},"end":{"line":55,"column":12}},"loc":{"start":{"line":55,"column":55},"end":{"line":57,"column":3}}},"7":{"name":"(anonymous_11)","decl":{"start":{"line":61,"column":2},"end":{"line":61,"column":10}},"loc":{"start":{"line":61,"column":53},"end":{"line":63,"column":3}}}},"branchMap":{"0":{"loc":{"start":{"line":14,"column":35},"end":{"line":14,"column":null}},"type":"cond-expr","locations":[{"start":{"line":14,"column":47},"end":{"line":14,"column":null}},{"start":{"line":14,"column":47},"end":{"line":14,"column":null}}]},"1":{"loc":{"start":{"line":14,"column":35},"end":{"line":14,"column":47}},"type":"binary-expr","locations":[{"start":{"line":14,"column":35},"end":{"line":14,"column":null}},{"start":{"line":14,"column":35},"end":{"line":14,"column":47}}]},"2":{"loc":{"start":{"line":14,"column":47},"end":{"line":15,"column":null}},"type":"cond-expr","locations":[{"start":{"line":15,"column":53},"end":{"line":15,"column":null}},{"start":{"line":15,"column":53},"end":{"line":15,"column":null}}]},"3":{"loc":{"start":{"line":14,"column":47},"end":{"line":15,"column":53}},"type":"binary-expr","locations":[{"start":{"line":14,"column":47},"end":{"line":15,"column":null}},{"start":{"line":15,"column":38},"end":{"line":15,"column":53}}]},"4":{"loc":{"start":{"line":15,"column":53},"end":{"line":16,"column":null}},"type":"cond-expr","locations":[{"start":{"line":16,"column":47},"end":{"line":16,"column":null}},{"start":{"line":16,"column":47},"end":{"line":16,"column":null}}]},"5":{"loc":{"start":{"line":15,"column":53},"end":{"line":16,"column":47}},"type":"binary-expr","locations":[{"start":{"line":15,"column":53},"end":{"line":16,"column":null}},{"start":{"line":16,"column":35},"end":{"line":16,"column":47}}]},"6":{"loc":{"start":{"line":16,"column":47},"end":{"line":17,"column":null}},"type":"cond-expr","locations":[{"start":{"line":17,"column":53},"end":{"line":17,"column":null}},{"start":{"line":17,"column":53},"end":{"line":17,"column":null}}]},"7":{"loc":{"start":{"line":16,"column":47},"end":{"line":17,"column":53}},"type":"binary-expr","locations":[{"start":{"line":16,"column":47},"end":{"line":17,"column":null}},{"start":{"line":17,"column":38},"end":{"line":17,"column":53}}]}},"s":{"0":0,"1":0,"2":0,"3":0,"4":0,"5":0,"6":0,"7":0,"8":0,"9":0,"10":0,"11":0,"12":0,"13":0,"14":0,"15":0,"16":0,"17":0,"18":0,"19":0,"20":0,"21":0,"22":0,"23":0,"24":0,"25":0,"26":0,"27":0,"28":0},"f":{"0":0,"1":0,"2":0,"3":0,"4":0,"5":0,"6":0,"7":0},"b":{"0":[0,0],"1":[0,0],"2":[0,0],"3":[0,0],"4":[0,0],"5":[0,0],"6":[0,0],"7":[0,0]}}
,"C:\\Users\\arunk\\Desktop\\AgencyOS\\services\\auth\\src\\modules\\stubs\\stubs.module.ts": {"path":"C:\\Users\\arunk\\Desktop\\AgencyOS\\services\\auth\\src\\modules\\stubs\\stubs.module.ts","statementMap":{"0":{"start":{"line":1,"column":0},"end":{"line":1,"column":40}},"1":{"start":{"line":2,"column":0},"end":{"line":2,"column":47}},"2":{"start":{"line":3,"column":0},"end":{"line":3,"column":53}},"3":{"start":{"line":4,"column":0},"end":{"line":4,"column":47}},"4":{"start":{"line":5,"column":0},"end":{"line":5,"column":53}},"5":{"start":{"line":6,"column":0},"end":{"line":6,"column":53}},"6":{"start":{"line":7,"column":0},"end":{"line":7,"column":61}},"7":{"start":{"line":14,"column":7},"end":{"line":14,"column":null}},"8":{"start":{"line":14,"column":13},"end":{"line":14,"column":24}},"9":{"start":{"line":14,"column":13},"end":{"line":14,"column":null}}},"fnMap":{},"branchMap":{},"s":{"0":0,"1":0,"2":0,"3":0,"4":0,"5":0,"6":0,"7":0,"8":0,"9":0},"f":{},"b":{}}
,"C:\\Users\\arunk\\Desktop\\AgencyOS\\services\\auth\\src\\modules\\stubs\\tasks.service.ts": {"path":"C:\\Users\\arunk\\Desktop\\AgencyOS\\services\\auth\\src\\modules\\stubs\\tasks.service.ts","statementMap":{"0":{"start":{"line":1,"column":0},"end":{"line":1,"column":65}},"1":{"start":{"line":2,"column":0},"end":{"line":2,"column":59}},"2":{"start":{"line":5,"column":7},"end":{"line":27,"column":null}},"3":{"start":{"line":6,"column":31},"end":{"line":6,"column":35}},"4":{"start":{"line":10,"column":19},"end":{"line":12,"column":6}},"5":{"start":{"line":14,"column":4},"end":{"line":16,"column":5}},"6":{"start":{"line":15,"column":6},"end":{"line":15,"column":72}},"7":{"start":{"line":18,"column":4},"end":{"line":18,"column":41}},"8":{"start":{"line":22,"column":4},"end":{"line":25,"column":7}},"9":{"start":{"line":5,"column":13},"end":{"line":5,"column":25}},"10":{"start":{"line":5,"column":13},"end":{"line":27,"column":null}}},"fnMap":{"0":{"name":"(anonymous_2)","decl":{"start":{"line":6,"column":2},"end":{"line":6,"column":31}},"loc":{"start":{"line":6,"column":48},"end":{"line":6,"column":52}}},"1":{"name":"(anonymous_3)","decl":{"start":{"line":8,"column":2},"end":{"line":8,"column":7}},"loc":{"start":{"line":8,"column":28},"end":{"line":19,"column":3}}},"2":{"name":"(anonymous_4)","decl":{"start":{"line":21,"column":2},"end":{"line":21,"column":7}},"loc":{"start":{"line":21,"column":58},"end":{"line":26,"column":3}}}},"branchMap":{"0":{"loc":{"start":{"line":14,"column":4},"end":{"line":16,"column":5}},"type":"if","locations":[{"start":{"line":14,"column":4},"end":{"line":16,"column":5}},{"start":{},"end":{}}]},"1":{"loc":{"start":{"line":6,"column":35},"end":{"line":6,"column":51}},"type":"cond-expr","locations":[{"start":{"line":6,"column":48},"end":{"line":6,"column":51}},{"start":{"line":6,"column":48},"end":{"line":6,"column":51}}]},"2":{"loc":{"start":{"line":6,"column":35},"end":{"line":6,"column":48}},"type":"binary-expr","locations":[{"start":{"line":6,"column":35},"end":{"line":6,"column":51}},{"start":{"line":6,"column":35},"end":{"line":6,"column":48}}]}},"s":{"0":1,"1":1,"2":1,"3":1,"4":1,"5":1,"6":1,"7":0,"8":0,"9":1,"10":1},"f":{"0":1,"1":1,"2":0},"b":{"0":[1,0],"1":[1,0],"2":[1,1]}}
}
